<?xml version="1.0" encoding="UTF-8"?>
<robot generator="Robot 7.3.2 (Python 3.10.6 on win32)" generated="2025-11-07T14:30:58.259120" rpa="false" schemaversion="5">
<suite id="s1" name="Ngos-Prepaid-Reload" source="C:\Users\eve.keoy\OneDrive - Infront Consulting APAC\Desktop\Dev\qa-automation-main\RobotFramework\NGOS\TestCases\ngos-prepaid-reload.robot">
<test id="s1-t1" name="Test Case 1: Open NGOS Reload Page and Access" line="10">
<kw name="Launch New Browser" owner="ngos-sharedKeywords">
<kw name="New Browser" owner="Browser">
<msg time="2025-11-07T14:30:58.505089" level="INFO">{"browser": "chromium", "headless": false, "chromiumSandbox": false, "devtools": false, "handleSIGHUP": true, "handleSIGINT": true, "handleSIGTERM": true, "slowMo": 0.0, "timeout": 30000.0, "tracesDir": "C:\\Users\\eve.keoy\\OneDrive - Infront Consulting APAC\\Desktop\\Dev\\qa-automation-main\\RobotFramework\\browser\\traces\\temp\\a0dc0ae6-f2b7-4b0d-b026-8662b1e33881"}</msg>
<msg time="2025-11-07T14:30:58.542373" level="INFO">Starting Browser process C:\laragon\bin\python\python-3.10\lib\site-packages\Browser\wrapper\index.js using at 127.0.0.1:25707</msg>
<msg time="2025-11-07T14:30:59.938720" level="INFO">Successfully created browser with options: {"browser":"chromium","headless":false,"chromiumSandbox":false,"devtools":false,"handleSIGHUP":true,"handleSIGINT":true,"handleSIGTERM":true,"slowMo":0,"timeout":30000,"tracesDir":"C:\\Users\\eve.keoy\\OneDrive - Infront Consulting APAC\\Desktop\\Dev\\qa-automation-main\\RobotFramework\\browser\\traces\\temp\\a0dc0ae6-f2b7-4b0d-b026-8662b1e33881"}</msg>
<arg>browser=${browserName}</arg>
<arg>headless=${headlessBoolean}</arg>
<tag>BrowserControl</tag>
<tag>Setter</tag>
<doc>Create a new playwright Browser with specified options.</doc>
<status status="PASS" start="2025-11-07T14:30:58.505089" elapsed="1.433631"/>
</kw>
<arg>browserName=chromium</arg>
<arg>headlessBoolean=false</arg>
<status status="PASS" start="2025-11-07T14:30:58.504074" elapsed="1.435645"/>
</kw>
<kw name="Access NGOS Reload Page" owner="ngos-reloadKeywords">
<kw name="New Page" owner="Browser">
<msg time="2025-11-07T14:31:04.931752" level="INFO">Successfully initialized new page object and opened url: https://nget.digipay.my/reload</msg>
<msg time="2025-11-07T14:31:04.931752" level="INFO">No context was open. New context was automatically opened when this page is created.</msg>
<arg>${NGOS_STAGING_BASE_URL}${NGOS_RELOAD_PATH}</arg>
<arg>wait_until=domcontentloaded</arg>
<tag>BrowserControl</tag>
<tag>Setter</tag>
<doc>Open a new Page.</doc>
<status status="PASS" start="2025-11-07T14:30:59.941720" elapsed="4.990032"/>
</kw>
<kw name="Resize Screen Size" owner="ngos-sharedKeywords">
<kw name="Set Viewport Size" owner="Browser">
<msg time="2025-11-07T14:31:04.948741" level="INFO">Set viewport size to: [object Object]</msg>
<arg>width=1280</arg>
<arg>height=800</arg>
<tag>BrowserControl</tag>
<tag>Setter</tag>
<doc>Sets current Pages viewport size to specified dimensions.</doc>
<status status="PASS" start="2025-11-07T14:31:04.932751" elapsed="0.015990"/>
</kw>
<status status="PASS" start="2025-11-07T14:31:04.932751" elapsed="0.015990"/>
</kw>
<kw name="Sleep" owner="BuiltIn">
<msg time="2025-11-07T14:31:09.955474" level="INFO">Slept 5 seconds.</msg>
<arg>5s</arg>
<doc>Pauses the test executed for the given time.</doc>
<status status="PASS" start="2025-11-07T14:31:04.948741" elapsed="5.006733"/>
</kw>
<kw name="Take Screenshot" owner="Browser">
<msg time="2025-11-07T14:31:10.853109" level="INFO" html="true">&lt;/td&gt;&lt;/tr&gt;&lt;tr&gt;&lt;td colspan="3"&gt;&lt;a href="browser/screenshot/robotframework-browser-screenshot-1.png" target="_blank"&gt;&lt;img src="browser/screenshot/robotframework-browser-screenshot-1.png" width="800px"/&gt;&lt;/a&gt;</msg>
<tag>PageContent</tag>
<doc>Takes a screenshot of the current window or element and saves it to disk.</doc>
<status status="PASS" start="2025-11-07T14:31:09.955474" elapsed="0.897635"/>
</kw>
<status status="PASS" start="2025-11-07T14:30:59.940720" elapsed="10.913387"/>
</kw>
<kw name="Resize Screen Size" owner="ngos-sharedKeywords">
<kw name="Set Viewport Size" owner="Browser">
<msg time="2025-11-07T14:31:10.861612" level="INFO">Set viewport size to: [object Object]</msg>
<arg>width=1280</arg>
<arg>height=800</arg>
<tag>BrowserControl</tag>
<tag>Setter</tag>
<doc>Sets current Pages viewport size to specified dimensions.</doc>
<status status="PASS" start="2025-11-07T14:31:10.855324" elapsed="0.006288"/>
</kw>
<status status="PASS" start="2025-11-07T14:31:10.854107" elapsed="0.007505"/>
</kw>
<kw name="Close Browser" owner="Browser" type="TEARDOWN">
<msg time="2025-11-07T14:31:11.477998" level="INFO">Closed browser</msg>
<tag>BrowserControl</tag>
<tag>Setter</tag>
<doc>Closes the current browser.</doc>
<status status="PASS" start="2025-11-07T14:31:10.862836" elapsed="0.615162"/>
</kw>
<status status="PASS" start="2025-11-07T14:30:58.503132" elapsed="12.975871"/>
</test>
<test id="s1-t2" name="Test Case 2: Verify Insert Invalid MSISDN" line="15">
<kw name="Launch New Browser" owner="ngos-sharedKeywords">
<kw name="New Browser" owner="Browser">
<msg time="2025-11-07T14:31:11.487528" level="INFO">{"browser": "chromium", "headless": false, "chromiumSandbox": false, "devtools": false, "handleSIGHUP": true, "handleSIGINT": true, "handleSIGTERM": true, "slowMo": 0.0, "timeout": 30000.0, "tracesDir": "C:\\Users\\eve.keoy\\OneDrive - Infront Consulting APAC\\Desktop\\Dev\\qa-automation-main\\RobotFramework\\browser\\traces\\temp\\9753132d-4df4-4ca0-b910-e0c231bd5e76"}</msg>
<msg time="2025-11-07T14:31:11.918653" level="INFO">Successfully created browser with options: {"browser":"chromium","headless":false,"chromiumSandbox":false,"devtools":false,"handleSIGHUP":true,"handleSIGINT":true,"handleSIGTERM":true,"slowMo":0,"timeout":30000,"tracesDir":"C:\\Users\\eve.keoy\\OneDrive - Infront Consulting APAC\\Desktop\\Dev\\qa-automation-main\\RobotFramework\\browser\\traces\\temp\\9753132d-4df4-4ca0-b910-e0c231bd5e76"}</msg>
<arg>browser=${browserName}</arg>
<arg>headless=${headlessBoolean}</arg>
<tag>BrowserControl</tag>
<tag>Setter</tag>
<doc>Create a new playwright Browser with specified options.</doc>
<status status="PASS" start="2025-11-07T14:31:11.486532" elapsed="0.433120"/>
</kw>
<arg>browserName=chromium</arg>
<arg>headlessBoolean=false</arg>
<status status="PASS" start="2025-11-07T14:31:11.486532" elapsed="0.433120"/>
</kw>
<kw name="Access NGOS Reload Page" owner="ngos-reloadKeywords">
<kw name="New Page" owner="Browser">
<msg time="2025-11-07T14:31:14.864968" level="INFO">Successfully initialized new page object and opened url: https://nget.digipay.my/reload</msg>
<msg time="2025-11-07T14:31:14.864968" level="INFO">No context was open. New context was automatically opened when this page is created.</msg>
<arg>${NGOS_STAGING_BASE_URL}${NGOS_RELOAD_PATH}</arg>
<arg>wait_until=domcontentloaded</arg>
<tag>BrowserControl</tag>
<tag>Setter</tag>
<doc>Open a new Page.</doc>
<status status="PASS" start="2025-11-07T14:31:11.921592" elapsed="2.944381"/>
</kw>
<kw name="Resize Screen Size" owner="ngos-sharedKeywords">
<kw name="Set Viewport Size" owner="Browser">
<msg time="2025-11-07T14:31:14.882489" level="INFO">Set viewport size to: [object Object]</msg>
<arg>width=1280</arg>
<arg>height=800</arg>
<tag>BrowserControl</tag>
<tag>Setter</tag>
<doc>Sets current Pages viewport size to specified dimensions.</doc>
<status status="PASS" start="2025-11-07T14:31:14.866973" elapsed="0.015516"/>
</kw>
<status status="PASS" start="2025-11-07T14:31:14.865973" elapsed="0.016516"/>
</kw>
<kw name="Sleep" owner="BuiltIn">
<msg time="2025-11-07T14:31:19.896755" level="INFO">Slept 5 seconds.</msg>
<arg>5s</arg>
<doc>Pauses the test executed for the given time.</doc>
<status status="PASS" start="2025-11-07T14:31:14.882994" elapsed="5.013761"/>
</kw>
<kw name="Take Screenshot" owner="Browser">
<msg time="2025-11-07T14:31:20.024753" level="INFO" html="true">&lt;/td&gt;&lt;/tr&gt;&lt;tr&gt;&lt;td colspan="3"&gt;&lt;a href="browser/screenshot/robotframework-browser-screenshot-2.png" target="_blank"&gt;&lt;img src="browser/screenshot/robotframework-browser-screenshot-2.png" width="800px"/&gt;&lt;/a&gt;</msg>
<tag>PageContent</tag>
<doc>Takes a screenshot of the current window or element and saves it to disk.</doc>
<status status="PASS" start="2025-11-07T14:31:19.897762" elapsed="0.126991"/>
</kw>
<status status="PASS" start="2025-11-07T14:31:11.919652" elapsed="8.105101"/>
</kw>
<kw name="Resize Screen Size" owner="ngos-sharedKeywords">
<kw name="Set Viewport Size" owner="Browser">
<msg time="2025-11-07T14:31:20.029275" level="INFO">Set viewport size to: [object Object]</msg>
<arg>width=1280</arg>
<arg>height=800</arg>
<tag>BrowserControl</tag>
<tag>Setter</tag>
<doc>Sets current Pages viewport size to specified dimensions.</doc>
<status status="PASS" start="2025-11-07T14:31:20.026260" elapsed="0.003015"/>
</kw>
<status status="PASS" start="2025-11-07T14:31:20.024753" elapsed="0.004522"/>
</kw>
<kw name="Verify NGOS Reload Page 1" owner="ngos-reloadKeywords">
<kw name="Check For Element Visibility" owner="ngos-sharedKeywords">
<kw name="Run Keyword And Return Status" owner="BuiltIn">
<kw name="Get Element States" owner="Browser">
<msg time="2025-11-07T14:31:20.079896" level="INFO">States are: ['attached', 'visible', 'enabled', 'defocused']</msg>
<arg>${element_to_check}</arg>
<arg>contains</arg>
<arg>visible</arg>
<tag>Assertion</tag>
<tag>Getter</tag>
<tag>PageContent</tag>
<doc>Get the active states from the element found by ``selector``.</doc>
<status status="PASS" start="2025-11-07T14:31:20.030272" elapsed="0.049624"/>
</kw>
<msg time="2025-11-07T14:31:20.079896" level="INFO">${is_visible} = True</msg>
<var>${is_visible}</var>
<arg>Get Element States</arg>
<arg>${element_to_check}</arg>
<arg>contains</arg>
<arg>visible</arg>
<doc>Runs the given keyword with given arguments and returns the status as a Boolean value.</doc>
<status status="PASS" start="2025-11-07T14:31:20.030272" elapsed="0.049624"/>
</kw>
<kw name="Run Keyword If" owner="BuiltIn">
<kw name="Highlight Elements" owner="Browser">
<msg time="2025-11-07T14:31:20.087414" level="INFO">Highlighted 1 elements for 3000 ms.</msg>
<arg>${element_to_check}</arg>
<arg>duration=3s</arg>
<arg>width=5px</arg>
<arg>style=dotted</arg>
<arg>color=#FA8072</arg>
<tag>PageContent</tag>
<tag>Setter</tag>
<doc>Adds a highlight to elements matched by the ``selector``. Provides a style adjustment.</doc>
<status status="PASS" start="2025-11-07T14:31:20.079896" elapsed="0.007518"/>
</kw>
<arg>${is_visible}</arg>
<arg>Highlight Elements</arg>
<arg>${element_to_check}</arg>
<arg>duration=3s</arg>
<arg>width=5px</arg>
<arg>style=dotted</arg>
<arg>color=#FA8072</arg>
<doc>Runs the given keyword with the given arguments, if ``condition`` is true.</doc>
<status status="PASS" start="2025-11-07T14:31:20.079896" elapsed="0.007518"/>
</kw>
<kw name="Run Keyword If" owner="BuiltIn">
<arg>not ${is_visible}</arg>
<arg>Run Keywords</arg>
<arg>Log To Console</arg>
<arg>⚠️ Element not visible: ${element_to_check}</arg>
<arg>AND</arg>
<arg>Take Screenshot</arg>
<doc>Runs the given keyword with the given arguments, if ``condition`` is true.</doc>
<status status="PASS" start="2025-11-07T14:31:20.087414" elapsed="0.001001"/>
</kw>
<arg>${NGOS_CD_LOGO}</arg>
<status status="PASS" start="2025-11-07T14:31:20.030272" elapsed="0.058143"/>
</kw>
<kw name="Check For Element Visibility" owner="ngos-sharedKeywords">
<kw name="Run Keyword And Return Status" owner="BuiltIn">
<kw name="Get Element States" owner="Browser">
<msg time="2025-11-07T14:31:20.104924" level="INFO">States are: ['attached', 'visible', 'enabled', 'defocused']</msg>
<arg>${element_to_check}</arg>
<arg>contains</arg>
<arg>visible</arg>
<tag>Assertion</tag>
<tag>Getter</tag>
<tag>PageContent</tag>
<doc>Get the active states from the element found by ``selector``.</doc>
<status status="PASS" start="2025-11-07T14:31:20.088415" elapsed="0.016509"/>
</kw>
<msg time="2025-11-07T14:31:20.106434" level="INFO">${is_visible} = True</msg>
<var>${is_visible}</var>
<arg>Get Element States</arg>
<arg>${element_to_check}</arg>
<arg>contains</arg>
<arg>visible</arg>
<doc>Runs the given keyword with given arguments and returns the status as a Boolean value.</doc>
<status status="PASS" start="2025-11-07T14:31:20.088415" elapsed="0.018019"/>
</kw>
<kw name="Run Keyword If" owner="BuiltIn">
<kw name="Highlight Elements" owner="Browser">
<msg time="2025-11-07T14:31:20.113443" level="INFO">Highlighted 1 elements for 3000 ms.</msg>
<arg>${element_to_check}</arg>
<arg>duration=3s</arg>
<arg>width=5px</arg>
<arg>style=dotted</arg>
<arg>color=#FA8072</arg>
<tag>PageContent</tag>
<tag>Setter</tag>
<doc>Adds a highlight to elements matched by the ``selector``. Provides a style adjustment.</doc>
<status status="PASS" start="2025-11-07T14:31:20.107446" elapsed="0.005997"/>
</kw>
<arg>${is_visible}</arg>
<arg>Highlight Elements</arg>
<arg>${element_to_check}</arg>
<arg>duration=3s</arg>
<arg>width=5px</arg>
<arg>style=dotted</arg>
<arg>color=#FA8072</arg>
<doc>Runs the given keyword with the given arguments, if ``condition`` is true.</doc>
<status status="PASS" start="2025-11-07T14:31:20.106434" elapsed="0.007009"/>
</kw>
<kw name="Run Keyword If" owner="BuiltIn">
<arg>not ${is_visible}</arg>
<arg>Run Keywords</arg>
<arg>Log To Console</arg>
<arg>⚠️ Element not visible: ${element_to_check}</arg>
<arg>AND</arg>
<arg>Take Screenshot</arg>
<doc>Runs the given keyword with the given arguments, if ``condition`` is true.</doc>
<status status="PASS" start="2025-11-07T14:31:20.113443" elapsed="0.001005"/>
</kw>
<arg>${NGOS_SHOP_TEXT}</arg>
<status status="PASS" start="2025-11-07T14:31:20.088415" elapsed="0.026033"/>
</kw>
<kw name="Check For Element Visibility" owner="ngos-sharedKeywords">
<kw name="Run Keyword And Return Status" owner="BuiltIn">
<kw name="Get Element States" owner="Browser">
<msg time="2025-11-07T14:31:20.128491" level="INFO">States are: ['attached', 'visible', 'enabled', 'defocused']</msg>
<arg>${element_to_check}</arg>
<arg>contains</arg>
<arg>visible</arg>
<tag>Assertion</tag>
<tag>Getter</tag>
<tag>PageContent</tag>
<doc>Get the active states from the element found by ``selector``.</doc>
<status status="PASS" start="2025-11-07T14:31:20.115451" elapsed="0.014043"/>
</kw>
<msg time="2025-11-07T14:31:20.129494" level="INFO">${is_visible} = True</msg>
<var>${is_visible}</var>
<arg>Get Element States</arg>
<arg>${element_to_check}</arg>
<arg>contains</arg>
<arg>visible</arg>
<doc>Runs the given keyword with given arguments and returns the status as a Boolean value.</doc>
<status status="PASS" start="2025-11-07T14:31:20.114448" elapsed="0.015046"/>
</kw>
<kw name="Run Keyword If" owner="BuiltIn">
<kw name="Highlight Elements" owner="Browser">
<msg time="2025-11-07T14:31:20.135493" level="INFO">Highlighted 1 elements for 3000 ms.</msg>
<arg>${element_to_check}</arg>
<arg>duration=3s</arg>
<arg>width=5px</arg>
<arg>style=dotted</arg>
<arg>color=#FA8072</arg>
<tag>PageContent</tag>
<tag>Setter</tag>
<doc>Adds a highlight to elements matched by the ``selector``. Provides a style adjustment.</doc>
<status status="PASS" start="2025-11-07T14:31:20.130501" elapsed="0.004992"/>
</kw>
<arg>${is_visible}</arg>
<arg>Highlight Elements</arg>
<arg>${element_to_check}</arg>
<arg>duration=3s</arg>
<arg>width=5px</arg>
<arg>style=dotted</arg>
<arg>color=#FA8072</arg>
<doc>Runs the given keyword with the given arguments, if ``condition`` is true.</doc>
<status status="PASS" start="2025-11-07T14:31:20.129494" elapsed="0.005999"/>
</kw>
<kw name="Run Keyword If" owner="BuiltIn">
<arg>not ${is_visible}</arg>
<arg>Run Keywords</arg>
<arg>Log To Console</arg>
<arg>⚠️ Element not visible: ${element_to_check}</arg>
<arg>AND</arg>
<arg>Take Screenshot</arg>
<doc>Runs the given keyword with the given arguments, if ``condition`` is true.</doc>
<status status="PASS" start="2025-11-07T14:31:20.135493" elapsed="0.000000"/>
</kw>
<arg>${NGOS_LANGUAGE_BUTTON}</arg>
<status status="PASS" start="2025-11-07T14:31:20.114448" elapsed="0.022047"/>
</kw>
<kw name="Check For Element Visibility" owner="ngos-sharedKeywords">
<kw name="Run Keyword And Return Status" owner="BuiltIn">
<kw name="Get Element States" owner="Browser">
<msg time="2025-11-07T14:31:20.151544" level="INFO">States are: ['attached', 'visible', 'enabled', 'defocused']</msg>
<arg>${element_to_check}</arg>
<arg>contains</arg>
<arg>visible</arg>
<tag>Assertion</tag>
<tag>Getter</tag>
<tag>PageContent</tag>
<doc>Get the active states from the element found by ``selector``.</doc>
<status status="PASS" start="2025-11-07T14:31:20.137011" elapsed="0.014533"/>
</kw>
<msg time="2025-11-07T14:31:20.152543" level="INFO">${is_visible} = True</msg>
<var>${is_visible}</var>
<arg>Get Element States</arg>
<arg>${element_to_check}</arg>
<arg>contains</arg>
<arg>visible</arg>
<doc>Runs the given keyword with given arguments and returns the status as a Boolean value.</doc>
<status status="PASS" start="2025-11-07T14:31:20.137011" elapsed="0.015532"/>
</kw>
<kw name="Run Keyword If" owner="BuiltIn">
<kw name="Highlight Elements" owner="Browser">
<msg time="2025-11-07T14:31:20.159063" level="INFO">Highlighted 1 elements for 3000 ms.</msg>
<arg>${element_to_check}</arg>
<arg>duration=3s</arg>
<arg>width=5px</arg>
<arg>style=dotted</arg>
<arg>color=#FA8072</arg>
<tag>PageContent</tag>
<tag>Setter</tag>
<doc>Adds a highlight to elements matched by the ``selector``. Provides a style adjustment.</doc>
<status status="PASS" start="2025-11-07T14:31:20.152543" elapsed="0.006520"/>
</kw>
<arg>${is_visible}</arg>
<arg>Highlight Elements</arg>
<arg>${element_to_check}</arg>
<arg>duration=3s</arg>
<arg>width=5px</arg>
<arg>style=dotted</arg>
<arg>color=#FA8072</arg>
<doc>Runs the given keyword with the given arguments, if ``condition`` is true.</doc>
<status status="PASS" start="2025-11-07T14:31:20.152543" elapsed="0.006520"/>
</kw>
<kw name="Run Keyword If" owner="BuiltIn">
<arg>not ${is_visible}</arg>
<arg>Run Keywords</arg>
<arg>Log To Console</arg>
<arg>⚠️ Element not visible: ${element_to_check}</arg>
<arg>AND</arg>
<arg>Take Screenshot</arg>
<doc>Runs the given keyword with the given arguments, if ``condition`` is true.</doc>
<status status="PASS" start="2025-11-07T14:31:20.159063" elapsed="0.001003"/>
</kw>
<arg>${NGOS_RELOAD_MAIN_TEXT}</arg>
<status status="PASS" start="2025-11-07T14:31:20.136495" elapsed="0.023571"/>
</kw>
<kw name="Check For Element Visibility" owner="ngos-sharedKeywords">
<kw name="Run Keyword And Return Status" owner="BuiltIn">
<kw name="Get Element States" owner="Browser">
<msg time="2025-11-07T14:31:20.172574" level="INFO">States are: ['attached', 'visible', 'enabled', 'defocused']</msg>
<arg>${element_to_check}</arg>
<arg>contains</arg>
<arg>visible</arg>
<tag>Assertion</tag>
<tag>Getter</tag>
<tag>PageContent</tag>
<doc>Get the active states from the element found by ``selector``.</doc>
<status status="PASS" start="2025-11-07T14:31:20.161066" elapsed="0.011508"/>
</kw>
<msg time="2025-11-07T14:31:20.172574" level="INFO">${is_visible} = True</msg>
<var>${is_visible}</var>
<arg>Get Element States</arg>
<arg>${element_to_check}</arg>
<arg>contains</arg>
<arg>visible</arg>
<doc>Runs the given keyword with given arguments and returns the status as a Boolean value.</doc>
<status status="PASS" start="2025-11-07T14:31:20.160066" elapsed="0.012508"/>
</kw>
<kw name="Run Keyword If" owner="BuiltIn">
<kw name="Highlight Elements" owner="Browser">
<msg time="2025-11-07T14:31:20.180211" level="INFO">Highlighted 1 elements for 3000 ms.</msg>
<arg>${element_to_check}</arg>
<arg>duration=3s</arg>
<arg>width=5px</arg>
<arg>style=dotted</arg>
<arg>color=#FA8072</arg>
<tag>PageContent</tag>
<tag>Setter</tag>
<doc>Adds a highlight to elements matched by the ``selector``. Provides a style adjustment.</doc>
<status status="PASS" start="2025-11-07T14:31:20.173578" elapsed="0.006633"/>
</kw>
<arg>${is_visible}</arg>
<arg>Highlight Elements</arg>
<arg>${element_to_check}</arg>
<arg>duration=3s</arg>
<arg>width=5px</arg>
<arg>style=dotted</arg>
<arg>color=#FA8072</arg>
<doc>Runs the given keyword with the given arguments, if ``condition`` is true.</doc>
<status status="PASS" start="2025-11-07T14:31:20.173578" elapsed="0.006633"/>
</kw>
<kw name="Run Keyword If" owner="BuiltIn">
<arg>not ${is_visible}</arg>
<arg>Run Keywords</arg>
<arg>Log To Console</arg>
<arg>⚠️ Element not visible: ${element_to_check}</arg>
<arg>AND</arg>
<arg>Take Screenshot</arg>
<doc>Runs the given keyword with the given arguments, if ``condition`` is true.</doc>
<status status="PASS" start="2025-11-07T14:31:20.180211" elapsed="0.000000"/>
</kw>
<arg>${NGOS_SUBTEXT1}</arg>
<status status="PASS" start="2025-11-07T14:31:20.160066" elapsed="0.021151"/>
</kw>
<kw name="Check For Element Visibility" owner="ngos-sharedKeywords">
<kw name="Run Keyword And Return Status" owner="BuiltIn">
<kw name="Get Element States" owner="Browser">
<msg time="2025-11-07T14:31:20.196386" level="INFO">States are: ['attached', 'visible', 'enabled', 'defocused']</msg>
<arg>${element_to_check}</arg>
<arg>contains</arg>
<arg>visible</arg>
<tag>Assertion</tag>
<tag>Getter</tag>
<tag>PageContent</tag>
<doc>Get the active states from the element found by ``selector``.</doc>
<status status="PASS" start="2025-11-07T14:31:20.181217" elapsed="0.015689"/>
</kw>
<msg time="2025-11-07T14:31:20.196906" level="INFO">${is_visible} = True</msg>
<var>${is_visible}</var>
<arg>Get Element States</arg>
<arg>${element_to_check}</arg>
<arg>contains</arg>
<arg>visible</arg>
<doc>Runs the given keyword with given arguments and returns the status as a Boolean value.</doc>
<status status="PASS" start="2025-11-07T14:31:20.181217" elapsed="0.015689"/>
</kw>
<kw name="Run Keyword If" owner="BuiltIn">
<kw name="Highlight Elements" owner="Browser">
<msg time="2025-11-07T14:31:20.203436" level="INFO">Highlighted 1 elements for 3000 ms.</msg>
<arg>${element_to_check}</arg>
<arg>duration=3s</arg>
<arg>width=5px</arg>
<arg>style=dotted</arg>
<arg>color=#FA8072</arg>
<tag>PageContent</tag>
<tag>Setter</tag>
<doc>Adds a highlight to elements matched by the ``selector``. Provides a style adjustment.</doc>
<status status="PASS" start="2025-11-07T14:31:20.196906" elapsed="0.006530"/>
</kw>
<arg>${is_visible}</arg>
<arg>Highlight Elements</arg>
<arg>${element_to_check}</arg>
<arg>duration=3s</arg>
<arg>width=5px</arg>
<arg>style=dotted</arg>
<arg>color=#FA8072</arg>
<doc>Runs the given keyword with the given arguments, if ``condition`` is true.</doc>
<status status="PASS" start="2025-11-07T14:31:20.196906" elapsed="0.006530"/>
</kw>
<kw name="Run Keyword If" owner="BuiltIn">
<arg>not ${is_visible}</arg>
<arg>Run Keywords</arg>
<arg>Log To Console</arg>
<arg>⚠️ Element not visible: ${element_to_check}</arg>
<arg>AND</arg>
<arg>Take Screenshot</arg>
<doc>Runs the given keyword with the given arguments, if ``condition`` is true.</doc>
<status status="PASS" start="2025-11-07T14:31:20.203436" elapsed="0.001001"/>
</kw>
<arg>${NGOS_SUBTEXT2}</arg>
<status status="PASS" start="2025-11-07T14:31:20.181217" elapsed="0.023220"/>
</kw>
<kw name="Check For Element Visibility" owner="ngos-sharedKeywords">
<kw name="Run Keyword And Return Status" owner="BuiltIn">
<kw name="Get Element States" owner="Browser">
<msg time="2025-11-07T14:31:20.218970" level="INFO">States are: ['attached', 'visible', 'enabled', 'editable', 'defocused']</msg>
<arg>${element_to_check}</arg>
<arg>contains</arg>
<arg>visible</arg>
<tag>Assertion</tag>
<tag>Getter</tag>
<tag>PageContent</tag>
<doc>Get the active states from the element found by ``selector``.</doc>
<status status="PASS" start="2025-11-07T14:31:20.205439" elapsed="0.013531"/>
</kw>
<msg time="2025-11-07T14:31:20.218970" level="INFO">${is_visible} = True</msg>
<var>${is_visible}</var>
<arg>Get Element States</arg>
<arg>${element_to_check}</arg>
<arg>contains</arg>
<arg>visible</arg>
<doc>Runs the given keyword with given arguments and returns the status as a Boolean value.</doc>
<status status="PASS" start="2025-11-07T14:31:20.204437" elapsed="0.014533"/>
</kw>
<kw name="Run Keyword If" owner="BuiltIn">
<kw name="Highlight Elements" owner="Browser">
<msg time="2025-11-07T14:31:20.226479" level="INFO">Highlighted 1 elements for 3000 ms.</msg>
<arg>${element_to_check}</arg>
<arg>duration=3s</arg>
<arg>width=5px</arg>
<arg>style=dotted</arg>
<arg>color=#FA8072</arg>
<tag>PageContent</tag>
<tag>Setter</tag>
<doc>Adds a highlight to elements matched by the ``selector``. Provides a style adjustment.</doc>
<status status="PASS" start="2025-11-07T14:31:20.219983" elapsed="0.006496"/>
</kw>
<arg>${is_visible}</arg>
<arg>Highlight Elements</arg>
<arg>${element_to_check}</arg>
<arg>duration=3s</arg>
<arg>width=5px</arg>
<arg>style=dotted</arg>
<arg>color=#FA8072</arg>
<doc>Runs the given keyword with the given arguments, if ``condition`` is true.</doc>
<status status="PASS" start="2025-11-07T14:31:20.219983" elapsed="0.006496"/>
</kw>
<kw name="Run Keyword If" owner="BuiltIn">
<arg>not ${is_visible}</arg>
<arg>Run Keywords</arg>
<arg>Log To Console</arg>
<arg>⚠️ Element not visible: ${element_to_check}</arg>
<arg>AND</arg>
<arg>Take Screenshot</arg>
<doc>Runs the given keyword with the given arguments, if ``condition`` is true.</doc>
<status status="PASS" start="2025-11-07T14:31:20.226479" elapsed="0.001011"/>
</kw>
<arg>${NGOS_MOBILE_FIELD}</arg>
<status status="PASS" start="2025-11-07T14:31:20.204437" elapsed="0.023053"/>
</kw>
<kw name="Check For Element Visibility" owner="ngos-sharedKeywords">
<kw name="Run Keyword And Return Status" owner="BuiltIn">
<kw name="Get Element States" owner="Browser">
<msg time="2025-11-07T14:31:20.239003" level="INFO">States are: ['attached', 'visible', 'disabled', 'readonly', 'defocused']</msg>
<arg>${element_to_check}</arg>
<arg>contains</arg>
<arg>visible</arg>
<tag>Assertion</tag>
<tag>Getter</tag>
<tag>PageContent</tag>
<doc>Get the active states from the element found by ``selector``.</doc>
<status status="PASS" start="2025-11-07T14:31:20.227490" elapsed="0.011513"/>
</kw>
<msg time="2025-11-07T14:31:20.239003" level="INFO">${is_visible} = True</msg>
<var>${is_visible}</var>
<arg>Get Element States</arg>
<arg>${element_to_check}</arg>
<arg>contains</arg>
<arg>visible</arg>
<doc>Runs the given keyword with given arguments and returns the status as a Boolean value.</doc>
<status status="PASS" start="2025-11-07T14:31:20.227490" elapsed="0.011513"/>
</kw>
<kw name="Run Keyword If" owner="BuiltIn">
<kw name="Highlight Elements" owner="Browser">
<msg time="2025-11-07T14:31:20.243998" level="INFO">Highlighted 1 elements for 3000 ms.</msg>
<arg>${element_to_check}</arg>
<arg>duration=3s</arg>
<arg>width=5px</arg>
<arg>style=dotted</arg>
<arg>color=#FA8072</arg>
<tag>PageContent</tag>
<tag>Setter</tag>
<doc>Adds a highlight to elements matched by the ``selector``. Provides a style adjustment.</doc>
<status status="PASS" start="2025-11-07T14:31:20.240009" elapsed="0.004995"/>
</kw>
<arg>${is_visible}</arg>
<arg>Highlight Elements</arg>
<arg>${element_to_check}</arg>
<arg>duration=3s</arg>
<arg>width=5px</arg>
<arg>style=dotted</arg>
<arg>color=#FA8072</arg>
<doc>Runs the given keyword with the given arguments, if ``condition`` is true.</doc>
<status status="PASS" start="2025-11-07T14:31:20.239003" elapsed="0.006001"/>
</kw>
<kw name="Run Keyword If" owner="BuiltIn">
<arg>not ${is_visible}</arg>
<arg>Run Keywords</arg>
<arg>Log To Console</arg>
<arg>⚠️ Element not visible: ${element_to_check}</arg>
<arg>AND</arg>
<arg>Take Screenshot</arg>
<doc>Runs the given keyword with the given arguments, if ``condition`` is true.</doc>
<status status="PASS" start="2025-11-07T14:31:20.245004" elapsed="0.000000"/>
</kw>
<arg>${NGOS_SUBMIT_BUTTON}</arg>
<status status="PASS" start="2025-11-07T14:31:20.227490" elapsed="0.017514"/>
</kw>
<kw name="Check For Element Visibility" owner="ngos-sharedKeywords">
<kw name="Run Keyword And Return Status" owner="BuiltIn">
<kw name="Get Element States" owner="Browser">
<msg time="2025-11-07T14:31:20.259988" level="INFO">States are: ['attached', 'visible', 'enabled', 'defocused']</msg>
<arg>${element_to_check}</arg>
<arg>contains</arg>
<arg>visible</arg>
<tag>Assertion</tag>
<tag>Getter</tag>
<tag>PageContent</tag>
<doc>Get the active states from the element found by ``selector``.</doc>
<status status="PASS" start="2025-11-07T14:31:20.245004" elapsed="0.014984"/>
</kw>
<msg time="2025-11-07T14:31:20.259988" level="INFO">${is_visible} = True</msg>
<var>${is_visible}</var>
<arg>Get Element States</arg>
<arg>${element_to_check}</arg>
<arg>contains</arg>
<arg>visible</arg>
<doc>Runs the given keyword with given arguments and returns the status as a Boolean value.</doc>
<status status="PASS" start="2025-11-07T14:31:20.245004" elapsed="0.014984"/>
</kw>
<kw name="Run Keyword If" owner="BuiltIn">
<kw name="Highlight Elements" owner="Browser">
<msg time="2025-11-07T14:31:20.264980" level="INFO">Highlighted 1 elements for 3000 ms.</msg>
<arg>${element_to_check}</arg>
<arg>duration=3s</arg>
<arg>width=5px</arg>
<arg>style=dotted</arg>
<arg>color=#FA8072</arg>
<tag>PageContent</tag>
<tag>Setter</tag>
<doc>Adds a highlight to elements matched by the ``selector``. Provides a style adjustment.</doc>
<status status="PASS" start="2025-11-07T14:31:20.260991" elapsed="0.003989"/>
</kw>
<arg>${is_visible}</arg>
<arg>Highlight Elements</arg>
<arg>${element_to_check}</arg>
<arg>duration=3s</arg>
<arg>width=5px</arg>
<arg>style=dotted</arg>
<arg>color=#FA8072</arg>
<doc>Runs the given keyword with the given arguments, if ``condition`` is true.</doc>
<status status="PASS" start="2025-11-07T14:31:20.260991" elapsed="0.003989"/>
</kw>
<kw name="Run Keyword If" owner="BuiltIn">
<arg>not ${is_visible}</arg>
<arg>Run Keywords</arg>
<arg>Log To Console</arg>
<arg>⚠️ Element not visible: ${element_to_check}</arg>
<arg>AND</arg>
<arg>Take Screenshot</arg>
<doc>Runs the given keyword with the given arguments, if ``condition`` is true.</doc>
<status status="PASS" start="2025-11-07T14:31:20.264980" elapsed="0.001568"/>
</kw>
<arg>${NGOS_COPYRIGHT}</arg>
<status status="PASS" start="2025-11-07T14:31:20.245004" elapsed="0.021544"/>
</kw>
<kw name="Sleep" owner="BuiltIn">
<msg time="2025-11-07T14:31:25.270146" level="INFO">Slept 5 seconds.</msg>
<arg>5s</arg>
<doc>Pauses the test executed for the given time.</doc>
<status status="PASS" start="2025-11-07T14:31:20.266548" elapsed="5.003598"/>
</kw>
<kw name="Take Screenshot" owner="Browser">
<msg time="2025-11-07T14:31:25.371309" level="INFO" html="true">&lt;/td&gt;&lt;/tr&gt;&lt;tr&gt;&lt;td colspan="3"&gt;&lt;a href="browser/screenshot/robotframework-browser-screenshot-3.png" target="_blank"&gt;&lt;img src="browser/screenshot/robotframework-browser-screenshot-3.png" width="800px"/&gt;&lt;/a&gt;</msg>
<tag>PageContent</tag>
<doc>Takes a screenshot of the current window or element and saves it to disk.</doc>
<status status="PASS" start="2025-11-07T14:31:25.270650" elapsed="0.100659"/>
</kw>
<status status="PASS" start="2025-11-07T14:31:20.029275" elapsed="5.342034"/>
</kw>
<kw name="Verify Insert Invalid MSISDN" owner="ngos-reloadKeywords">
<kw name="Fill Text" owner="Browser">
<msg time="2025-11-07T14:31:25.373316" level="INFO">Fills the text '601133218077' in the given field.</msg>
<arg>${NGOS_MOBILE_FIELD}</arg>
<arg>${INVALID_MSISDN}</arg>
<tag>PageContent</tag>
<tag>Setter</tag>
<doc>Clears and fills the given ``txt`` into the text field found by ``selector``.</doc>
<status status="PASS" start="2025-11-07T14:31:25.372306" elapsed="0.014203"/>
</kw>
<kw name="Click" owner="Browser">
<msg time="2025-11-07T14:31:25.387509" level="INFO">Clicks the element '//button[@id='submit_button']'.</msg>
<arg>${NGOS_SUBMIT_BUTTON}</arg>
<tag>PageContent</tag>
<tag>Setter</tag>
<doc>Simulates mouse click on the element found by ``selector``.</doc>
<status status="PASS" start="2025-11-07T14:31:25.386509" elapsed="0.113106"/>
</kw>
<kw name="Wait Visible &amp; Hidden" owner="ngos-sharedKeywords">
<kw name="Wait For Elements State" owner="Browser">
<msg time="2025-11-07T14:31:25.506614" level="INFO">Waited for Element with selector //div[@id='cd-loading'] at state visible</msg>
<arg>${ElementsToWait}</arg>
<arg>visible</arg>
<arg>timeout=${timeout}</arg>
<tag>PageContent</tag>
<tag>Wait</tag>
<doc>Waits for the element found by ``selector`` to satisfy state option.</doc>
<status status="PASS" start="2025-11-07T14:31:25.500621" elapsed="0.005993"/>
</kw>
<kw name="Wait For Elements State" owner="Browser">
<msg time="2025-11-07T14:31:36.103647" level="INFO">Waited for Element with selector //div[@id='cd-loading'] at state hidden</msg>
<arg>${ElementsToWait}</arg>
<arg>hidden</arg>
<arg>timeout=${timeout}</arg>
<tag>PageContent</tag>
<tag>Wait</tag>
<doc>Waits for the element found by ``selector`` to satisfy state option.</doc>
<status status="PASS" start="2025-11-07T14:31:25.506614" elapsed="10.598035"/>
</kw>
<arg>${CD_LOADING}</arg>
<status status="PASS" start="2025-11-07T14:31:25.500621" elapsed="10.604028"/>
</kw>
<kw name="Check For Element Visibility" owner="ngos-sharedKeywords">
<kw name="Run Keyword And Return Status" owner="BuiltIn">
<kw name="Get Element States" owner="Browser">
<msg time="2025-11-07T14:31:36.138227" level="INFO">States are: ['attached', 'visible', 'enabled', 'defocused']</msg>
<arg>${element_to_check}</arg>
<arg>contains</arg>
<arg>visible</arg>
<tag>Assertion</tag>
<tag>Getter</tag>
<tag>PageContent</tag>
<doc>Get the active states from the element found by ``selector``.</doc>
<status status="PASS" start="2025-11-07T14:31:36.107645" elapsed="0.030582"/>
</kw>
<msg time="2025-11-07T14:31:36.138227" level="INFO">${is_visible} = True</msg>
<var>${is_visible}</var>
<arg>Get Element States</arg>
<arg>${element_to_check}</arg>
<arg>contains</arg>
<arg>visible</arg>
<doc>Runs the given keyword with given arguments and returns the status as a Boolean value.</doc>
<status status="PASS" start="2025-11-07T14:31:36.106643" elapsed="0.031584"/>
</kw>
<kw name="Run Keyword If" owner="BuiltIn">
<kw name="Highlight Elements" owner="Browser">
<msg time="2025-11-07T14:31:36.146247" level="INFO">Highlighted 1 elements for 3000 ms.</msg>
<arg>${element_to_check}</arg>
<arg>duration=3s</arg>
<arg>width=5px</arg>
<arg>style=dotted</arg>
<arg>color=#FA8072</arg>
<tag>PageContent</tag>
<tag>Setter</tag>
<doc>Adds a highlight to elements matched by the ``selector``. Provides a style adjustment.</doc>
<status status="PASS" start="2025-11-07T14:31:36.139227" elapsed="0.007020"/>
</kw>
<arg>${is_visible}</arg>
<arg>Highlight Elements</arg>
<arg>${element_to_check}</arg>
<arg>duration=3s</arg>
<arg>width=5px</arg>
<arg>style=dotted</arg>
<arg>color=#FA8072</arg>
<doc>Runs the given keyword with the given arguments, if ``condition`` is true.</doc>
<status status="PASS" start="2025-11-07T14:31:36.138227" elapsed="0.008020"/>
</kw>
<kw name="Run Keyword If" owner="BuiltIn">
<arg>not ${is_visible}</arg>
<arg>Run Keywords</arg>
<arg>Log To Console</arg>
<arg>⚠️ Element not visible: ${element_to_check}</arg>
<arg>AND</arg>
<arg>Take Screenshot</arg>
<doc>Runs the given keyword with the given arguments, if ``condition`` is true.</doc>
<status status="PASS" start="2025-11-07T14:31:36.147247" elapsed="0.000000"/>
</kw>
<arg>${NGOS_RELOAD_ERROR_MESSAGE}</arg>
<status status="PASS" start="2025-11-07T14:31:36.105645" elapsed="0.041602"/>
</kw>
<kw name="Sleep" owner="BuiltIn">
<msg time="2025-11-07T14:31:38.152121" level="INFO">Slept 2 seconds.</msg>
<arg>2s</arg>
<doc>Pauses the test executed for the given time.</doc>
<status status="PASS" start="2025-11-07T14:31:36.147247" elapsed="2.004874"/>
</kw>
<kw name="Take Screenshot" owner="Browser">
<msg time="2025-11-07T14:31:38.247838" level="INFO" html="true">&lt;/td&gt;&lt;/tr&gt;&lt;tr&gt;&lt;td colspan="3"&gt;&lt;a href="browser/screenshot/robotframework-browser-screenshot-4.png" target="_blank"&gt;&lt;img src="browser/screenshot/robotframework-browser-screenshot-4.png" width="800px"/&gt;&lt;/a&gt;</msg>
<tag>PageContent</tag>
<doc>Takes a screenshot of the current window or element and saves it to disk.</doc>
<status status="PASS" start="2025-11-07T14:31:38.152121" elapsed="0.095717"/>
</kw>
<status status="PASS" start="2025-11-07T14:31:25.372306" elapsed="12.876527"/>
</kw>
<kw name="Refresh Current Page" owner="ngos-sharedKeywords">
<kw name="Reload" owner="Browser">
<msg time="2025-11-07T14:31:39.112816" level="INFO">Reloaded page with options: {"waitUntil": "load"}</msg>
<tag>BrowserControl</tag>
<tag>Setter</tag>
<doc>Reloads current active page.</doc>
<status status="PASS" start="2025-11-07T14:31:38.248833" elapsed="0.864981"/>
</kw>
<kw name="Wait For Elements State" owner="Browser">
<msg time="2025-11-07T14:31:39.171884" level="INFO">Waited for Element with selector //img[@class="cd-logo-img"] at state visible</msg>
<arg>${NGOS_CD_LOGO}</arg>
<arg>visible</arg>
<arg>timeout=10s</arg>
<tag>PageContent</tag>
<tag>Wait</tag>
<doc>Waits for the element found by ``selector`` to satisfy state option.</doc>
<status status="PASS" start="2025-11-07T14:31:39.113814" elapsed="0.059084"/>
</kw>
<status status="PASS" start="2025-11-07T14:31:38.248833" elapsed="0.924065"/>
</kw>
<kw name="Close Browser" owner="Browser" type="TEARDOWN">
<msg time="2025-11-07T14:31:39.517371" level="INFO">Closed browser</msg>
<tag>BrowserControl</tag>
<tag>Setter</tag>
<doc>Closes the current browser.</doc>
<status status="PASS" start="2025-11-07T14:31:39.173900" elapsed="0.343471"/>
</kw>
<status status="PASS" start="2025-11-07T14:31:11.483530" elapsed="28.034839"/>
</test>
<test id="s1-t3" name="Test Case 3: NGOS Reload -Cancel at NGPAY Page" line="23">
<kw name="Launch New Browser" owner="ngos-sharedKeywords">
<kw name="New Browser" owner="Browser">
<msg time="2025-11-07T14:31:39.523895" level="INFO">{"browser": "chromium", "headless": false, "chromiumSandbox": false, "devtools": false, "handleSIGHUP": true, "handleSIGINT": true, "handleSIGTERM": true, "slowMo": 0.0, "timeout": 30000.0, "tracesDir": "C:\\Users\\eve.keoy\\OneDrive - Infront Consulting APAC\\Desktop\\Dev\\qa-automation-main\\RobotFramework\\browser\\traces\\temp\\7a440e61-954b-4fb3-892d-3695058dc33a"}</msg>
<msg time="2025-11-07T14:31:39.938886" level="INFO">Successfully created browser with options: {"browser":"chromium","headless":false,"chromiumSandbox":false,"devtools":false,"handleSIGHUP":true,"handleSIGINT":true,"handleSIGTERM":true,"slowMo":0,"timeout":30000,"tracesDir":"C:\\Users\\eve.keoy\\OneDrive - Infront Consulting APAC\\Desktop\\Dev\\qa-automation-main\\RobotFramework\\browser\\traces\\temp\\7a440e61-954b-4fb3-892d-3695058dc33a"}</msg>
<arg>browser=${browserName}</arg>
<arg>headless=${headlessBoolean}</arg>
<tag>BrowserControl</tag>
<tag>Setter</tag>
<doc>Create a new playwright Browser with specified options.</doc>
<status status="PASS" start="2025-11-07T14:31:39.522895" elapsed="0.416993"/>
</kw>
<arg>browserName=chromium</arg>
<arg>headlessBoolean=false</arg>
<status status="PASS" start="2025-11-07T14:31:39.522895" elapsed="0.416993"/>
</kw>
<kw name="Access NGOS Reload Page" owner="ngos-reloadKeywords">
<kw name="New Page" owner="Browser">
<msg time="2025-11-07T14:31:41.131067" level="INFO">Successfully initialized new page object and opened url: https://nget.digipay.my/reload</msg>
<msg time="2025-11-07T14:31:41.132067" level="INFO">No context was open. New context was automatically opened when this page is created.</msg>
<arg>${NGOS_STAGING_BASE_URL}${NGOS_RELOAD_PATH}</arg>
<arg>wait_until=domcontentloaded</arg>
<tag>BrowserControl</tag>
<tag>Setter</tag>
<doc>Open a new Page.</doc>
<status status="PASS" start="2025-11-07T14:31:39.942884" elapsed="1.189183"/>
</kw>
<kw name="Resize Screen Size" owner="ngos-sharedKeywords">
<kw name="Set Viewport Size" owner="Browser">
<msg time="2025-11-07T14:31:41.144077" level="INFO">Set viewport size to: [object Object]</msg>
<arg>width=1280</arg>
<arg>height=800</arg>
<tag>BrowserControl</tag>
<tag>Setter</tag>
<doc>Sets current Pages viewport size to specified dimensions.</doc>
<status status="PASS" start="2025-11-07T14:31:41.133082" elapsed="0.010995"/>
</kw>
<status status="PASS" start="2025-11-07T14:31:41.132067" elapsed="0.012010"/>
</kw>
<kw name="Sleep" owner="BuiltIn">
<msg time="2025-11-07T14:31:46.153145" level="INFO">Slept 5 seconds.</msg>
<arg>5s</arg>
<doc>Pauses the test executed for the given time.</doc>
<status status="PASS" start="2025-11-07T14:31:41.145080" elapsed="5.008065"/>
</kw>
<kw name="Take Screenshot" owner="Browser">
<msg time="2025-11-07T14:31:46.298798" level="INFO" html="true">&lt;/td&gt;&lt;/tr&gt;&lt;tr&gt;&lt;td colspan="3"&gt;&lt;a href="browser/screenshot/robotframework-browser-screenshot-5.png" target="_blank"&gt;&lt;img src="browser/screenshot/robotframework-browser-screenshot-5.png" width="800px"/&gt;&lt;/a&gt;</msg>
<tag>PageContent</tag>
<doc>Takes a screenshot of the current window or element and saves it to disk.</doc>
<status status="PASS" start="2025-11-07T14:31:46.153145" elapsed="0.145653"/>
</kw>
<status status="PASS" start="2025-11-07T14:31:39.941885" elapsed="6.357918"/>
</kw>
<kw name="Resize Screen Size" owner="ngos-sharedKeywords">
<kw name="Set Viewport Size" owner="Browser">
<msg time="2025-11-07T14:31:46.303803" level="INFO">Set viewport size to: [object Object]</msg>
<arg>width=1280</arg>
<arg>height=800</arg>
<tag>BrowserControl</tag>
<tag>Setter</tag>
<doc>Sets current Pages viewport size to specified dimensions.</doc>
<status status="PASS" start="2025-11-07T14:31:46.300798" elapsed="0.003005"/>
</kw>
<status status="PASS" start="2025-11-07T14:31:46.299803" elapsed="0.004000"/>
</kw>
<kw name="Verify NGOS Reload Page 1" owner="ngos-reloadKeywords">
<kw name="Check For Element Visibility" owner="ngos-sharedKeywords">
<kw name="Run Keyword And Return Status" owner="BuiltIn">
<kw name="Get Element States" owner="Browser">
<msg time="2025-11-07T14:31:46.344809" level="INFO">States are: ['attached', 'visible', 'enabled', 'defocused']</msg>
<arg>${element_to_check}</arg>
<arg>contains</arg>
<arg>visible</arg>
<tag>Assertion</tag>
<tag>Getter</tag>
<tag>PageContent</tag>
<doc>Get the active states from the element found by ``selector``.</doc>
<status status="PASS" start="2025-11-07T14:31:46.305807" elapsed="0.039002"/>
</kw>
<msg time="2025-11-07T14:31:46.344809" level="INFO">${is_visible} = True</msg>
<var>${is_visible}</var>
<arg>Get Element States</arg>
<arg>${element_to_check}</arg>
<arg>contains</arg>
<arg>visible</arg>
<doc>Runs the given keyword with given arguments and returns the status as a Boolean value.</doc>
<status status="PASS" start="2025-11-07T14:31:46.305807" elapsed="0.039002"/>
</kw>
<kw name="Run Keyword If" owner="BuiltIn">
<kw name="Highlight Elements" owner="Browser">
<msg time="2025-11-07T14:31:46.352323" level="INFO">Highlighted 1 elements for 3000 ms.</msg>
<arg>${element_to_check}</arg>
<arg>duration=3s</arg>
<arg>width=5px</arg>
<arg>style=dotted</arg>
<arg>color=#FA8072</arg>
<tag>PageContent</tag>
<tag>Setter</tag>
<doc>Adds a highlight to elements matched by the ``selector``. Provides a style adjustment.</doc>
<status status="PASS" start="2025-11-07T14:31:46.345817" elapsed="0.006506"/>
</kw>
<arg>${is_visible}</arg>
<arg>Highlight Elements</arg>
<arg>${element_to_check}</arg>
<arg>duration=3s</arg>
<arg>width=5px</arg>
<arg>style=dotted</arg>
<arg>color=#FA8072</arg>
<doc>Runs the given keyword with the given arguments, if ``condition`` is true.</doc>
<status status="PASS" start="2025-11-07T14:31:46.344809" elapsed="0.007514"/>
</kw>
<kw name="Run Keyword If" owner="BuiltIn">
<arg>not ${is_visible}</arg>
<arg>Run Keywords</arg>
<arg>Log To Console</arg>
<arg>⚠️ Element not visible: ${element_to_check}</arg>
<arg>AND</arg>
<arg>Take Screenshot</arg>
<doc>Runs the given keyword with the given arguments, if ``condition`` is true.</doc>
<status status="PASS" start="2025-11-07T14:31:46.353347" elapsed="0.000000"/>
</kw>
<arg>${NGOS_CD_LOGO}</arg>
<status status="PASS" start="2025-11-07T14:31:46.304822" elapsed="0.048525"/>
</kw>
<kw name="Check For Element Visibility" owner="ngos-sharedKeywords">
<kw name="Run Keyword And Return Status" owner="BuiltIn">
<kw name="Get Element States" owner="Browser">
<msg time="2025-11-07T14:31:46.370503" level="INFO">States are: ['attached', 'visible', 'enabled', 'defocused']</msg>
<arg>${element_to_check}</arg>
<arg>contains</arg>
<arg>visible</arg>
<tag>Assertion</tag>
<tag>Getter</tag>
<tag>PageContent</tag>
<doc>Get the active states from the element found by ``selector``.</doc>
<status status="PASS" start="2025-11-07T14:31:46.354330" elapsed="0.016173"/>
</kw>
<msg time="2025-11-07T14:31:46.370503" level="INFO">${is_visible} = True</msg>
<var>${is_visible}</var>
<arg>Get Element States</arg>
<arg>${element_to_check}</arg>
<arg>contains</arg>
<arg>visible</arg>
<doc>Runs the given keyword with given arguments and returns the status as a Boolean value.</doc>
<status status="PASS" start="2025-11-07T14:31:46.354330" elapsed="0.016173"/>
</kw>
<kw name="Run Keyword If" owner="BuiltIn">
<kw name="Highlight Elements" owner="Browser">
<msg time="2025-11-07T14:31:46.381729" level="INFO">Highlighted 1 elements for 3000 ms.</msg>
<arg>${element_to_check}</arg>
<arg>duration=3s</arg>
<arg>width=5px</arg>
<arg>style=dotted</arg>
<arg>color=#FA8072</arg>
<tag>PageContent</tag>
<tag>Setter</tag>
<doc>Adds a highlight to elements matched by the ``selector``. Provides a style adjustment.</doc>
<status status="PASS" start="2025-11-07T14:31:46.371504" elapsed="0.011229"/>
</kw>
<arg>${is_visible}</arg>
<arg>Highlight Elements</arg>
<arg>${element_to_check}</arg>
<arg>duration=3s</arg>
<arg>width=5px</arg>
<arg>style=dotted</arg>
<arg>color=#FA8072</arg>
<doc>Runs the given keyword with the given arguments, if ``condition`` is true.</doc>
<status status="PASS" start="2025-11-07T14:31:46.370503" elapsed="0.012230"/>
</kw>
<kw name="Run Keyword If" owner="BuiltIn">
<arg>not ${is_visible}</arg>
<arg>Run Keywords</arg>
<arg>Log To Console</arg>
<arg>⚠️ Element not visible: ${element_to_check}</arg>
<arg>AND</arg>
<arg>Take Screenshot</arg>
<doc>Runs the given keyword with the given arguments, if ``condition`` is true.</doc>
<status status="PASS" start="2025-11-07T14:31:46.382733" elapsed="0.000998"/>
</kw>
<arg>${NGOS_SHOP_TEXT}</arg>
<status status="PASS" start="2025-11-07T14:31:46.353347" elapsed="0.030384"/>
</kw>
<kw name="Check For Element Visibility" owner="ngos-sharedKeywords">
<kw name="Run Keyword And Return Status" owner="BuiltIn">
<kw name="Get Element States" owner="Browser">
<msg time="2025-11-07T14:31:46.405730" level="INFO">States are: ['attached', 'visible', 'enabled', 'defocused']</msg>
<arg>${element_to_check}</arg>
<arg>contains</arg>
<arg>visible</arg>
<tag>Assertion</tag>
<tag>Getter</tag>
<tag>PageContent</tag>
<doc>Get the active states from the element found by ``selector``.</doc>
<status status="PASS" start="2025-11-07T14:31:46.385730" elapsed="0.020000"/>
</kw>
<msg time="2025-11-07T14:31:46.405730" level="INFO">${is_visible} = True</msg>
<var>${is_visible}</var>
<arg>Get Element States</arg>
<arg>${element_to_check}</arg>
<arg>contains</arg>
<arg>visible</arg>
<doc>Runs the given keyword with given arguments and returns the status as a Boolean value.</doc>
<status status="PASS" start="2025-11-07T14:31:46.384731" elapsed="0.022018"/>
</kw>
<kw name="Run Keyword If" owner="BuiltIn">
<kw name="Highlight Elements" owner="Browser">
<msg time="2025-11-07T14:31:46.412735" level="INFO">Highlighted 1 elements for 3000 ms.</msg>
<arg>${element_to_check}</arg>
<arg>duration=3s</arg>
<arg>width=5px</arg>
<arg>style=dotted</arg>
<arg>color=#FA8072</arg>
<tag>PageContent</tag>
<tag>Setter</tag>
<doc>Adds a highlight to elements matched by the ``selector``. Provides a style adjustment.</doc>
<status status="PASS" start="2025-11-07T14:31:46.406749" elapsed="0.006981"/>
</kw>
<arg>${is_visible}</arg>
<arg>Highlight Elements</arg>
<arg>${element_to_check}</arg>
<arg>duration=3s</arg>
<arg>width=5px</arg>
<arg>style=dotted</arg>
<arg>color=#FA8072</arg>
<doc>Runs the given keyword with the given arguments, if ``condition`` is true.</doc>
<status status="PASS" start="2025-11-07T14:31:46.406749" elapsed="0.006981"/>
</kw>
<kw name="Run Keyword If" owner="BuiltIn">
<arg>not ${is_visible}</arg>
<arg>Run Keywords</arg>
<arg>Log To Console</arg>
<arg>⚠️ Element not visible: ${element_to_check}</arg>
<arg>AND</arg>
<arg>Take Screenshot</arg>
<doc>Runs the given keyword with the given arguments, if ``condition`` is true.</doc>
<status status="PASS" start="2025-11-07T14:31:46.413730" elapsed="0.000000"/>
</kw>
<arg>${NGOS_LANGUAGE_BUTTON}</arg>
<status status="PASS" start="2025-11-07T14:31:46.383731" elapsed="0.029999"/>
</kw>
<kw name="Check For Element Visibility" owner="ngos-sharedKeywords">
<kw name="Run Keyword And Return Status" owner="BuiltIn">
<kw name="Get Element States" owner="Browser">
<msg time="2025-11-07T14:31:46.434728" level="INFO">States are: ['attached', 'visible', 'enabled', 'defocused']</msg>
<arg>${element_to_check}</arg>
<arg>contains</arg>
<arg>visible</arg>
<tag>Assertion</tag>
<tag>Getter</tag>
<tag>PageContent</tag>
<doc>Get the active states from the element found by ``selector``.</doc>
<status status="PASS" start="2025-11-07T14:31:46.414727" elapsed="0.021002"/>
</kw>
<msg time="2025-11-07T14:31:46.435729" level="INFO">${is_visible} = True</msg>
<var>${is_visible}</var>
<arg>Get Element States</arg>
<arg>${element_to_check}</arg>
<arg>contains</arg>
<arg>visible</arg>
<doc>Runs the given keyword with given arguments and returns the status as a Boolean value.</doc>
<status status="PASS" start="2025-11-07T14:31:46.414727" elapsed="0.021002"/>
</kw>
<kw name="Run Keyword If" owner="BuiltIn">
<kw name="Highlight Elements" owner="Browser">
<msg time="2025-11-07T14:31:46.441737" level="INFO">Highlighted 1 elements for 3000 ms.</msg>
<arg>${element_to_check}</arg>
<arg>duration=3s</arg>
<arg>width=5px</arg>
<arg>style=dotted</arg>
<arg>color=#FA8072</arg>
<tag>PageContent</tag>
<tag>Setter</tag>
<doc>Adds a highlight to elements matched by the ``selector``. Provides a style adjustment.</doc>
<status status="PASS" start="2025-11-07T14:31:46.435729" elapsed="0.006008"/>
</kw>
<arg>${is_visible}</arg>
<arg>Highlight Elements</arg>
<arg>${element_to_check}</arg>
<arg>duration=3s</arg>
<arg>width=5px</arg>
<arg>style=dotted</arg>
<arg>color=#FA8072</arg>
<doc>Runs the given keyword with the given arguments, if ``condition`` is true.</doc>
<status status="PASS" start="2025-11-07T14:31:46.435729" elapsed="0.006008"/>
</kw>
<kw name="Run Keyword If" owner="BuiltIn">
<arg>not ${is_visible}</arg>
<arg>Run Keywords</arg>
<arg>Log To Console</arg>
<arg>⚠️ Element not visible: ${element_to_check}</arg>
<arg>AND</arg>
<arg>Take Screenshot</arg>
<doc>Runs the given keyword with the given arguments, if ``condition`` is true.</doc>
<status status="PASS" start="2025-11-07T14:31:46.442736" elapsed="0.000000"/>
</kw>
<arg>${NGOS_RELOAD_MAIN_TEXT}</arg>
<status status="PASS" start="2025-11-07T14:31:46.413730" elapsed="0.029006"/>
</kw>
<kw name="Check For Element Visibility" owner="ngos-sharedKeywords">
<kw name="Run Keyword And Return Status" owner="BuiltIn">
<kw name="Get Element States" owner="Browser">
<msg time="2025-11-07T14:31:46.460997" level="INFO">States are: ['attached', 'visible', 'enabled', 'defocused']</msg>
<arg>${element_to_check}</arg>
<arg>contains</arg>
<arg>visible</arg>
<tag>Assertion</tag>
<tag>Getter</tag>
<tag>PageContent</tag>
<doc>Get the active states from the element found by ``selector``.</doc>
<status status="PASS" start="2025-11-07T14:31:46.443736" elapsed="0.017261"/>
</kw>
<msg time="2025-11-07T14:31:46.460997" level="INFO">${is_visible} = True</msg>
<var>${is_visible}</var>
<arg>Get Element States</arg>
<arg>${element_to_check}</arg>
<arg>contains</arg>
<arg>visible</arg>
<doc>Runs the given keyword with given arguments and returns the status as a Boolean value.</doc>
<status status="PASS" start="2025-11-07T14:31:46.442736" elapsed="0.018261"/>
</kw>
<kw name="Run Keyword If" owner="BuiltIn">
<kw name="Highlight Elements" owner="Browser">
<msg time="2025-11-07T14:31:46.468999" level="INFO">Highlighted 1 elements for 3000 ms.</msg>
<arg>${element_to_check}</arg>
<arg>duration=3s</arg>
<arg>width=5px</arg>
<arg>style=dotted</arg>
<arg>color=#FA8072</arg>
<tag>PageContent</tag>
<tag>Setter</tag>
<doc>Adds a highlight to elements matched by the ``selector``. Provides a style adjustment.</doc>
<status status="PASS" start="2025-11-07T14:31:46.461997" elapsed="0.007002"/>
</kw>
<arg>${is_visible}</arg>
<arg>Highlight Elements</arg>
<arg>${element_to_check}</arg>
<arg>duration=3s</arg>
<arg>width=5px</arg>
<arg>style=dotted</arg>
<arg>color=#FA8072</arg>
<doc>Runs the given keyword with the given arguments, if ``condition`` is true.</doc>
<status status="PASS" start="2025-11-07T14:31:46.460997" elapsed="0.008002"/>
</kw>
<kw name="Run Keyword If" owner="BuiltIn">
<arg>not ${is_visible}</arg>
<arg>Run Keywords</arg>
<arg>Log To Console</arg>
<arg>⚠️ Element not visible: ${element_to_check}</arg>
<arg>AND</arg>
<arg>Take Screenshot</arg>
<doc>Runs the given keyword with the given arguments, if ``condition`` is true.</doc>
<status status="PASS" start="2025-11-07T14:31:46.468999" elapsed="0.000999"/>
</kw>
<arg>${NGOS_SUBTEXT1}</arg>
<status status="PASS" start="2025-11-07T14:31:46.442736" elapsed="0.027262"/>
</kw>
<kw name="Check For Element Visibility" owner="ngos-sharedKeywords">
<kw name="Run Keyword And Return Status" owner="BuiltIn">
<kw name="Get Element States" owner="Browser">
<msg time="2025-11-07T14:31:46.487004" level="INFO">States are: ['attached', 'visible', 'enabled', 'defocused']</msg>
<arg>${element_to_check}</arg>
<arg>contains</arg>
<arg>visible</arg>
<tag>Assertion</tag>
<tag>Getter</tag>
<tag>PageContent</tag>
<doc>Get the active states from the element found by ``selector``.</doc>
<status status="PASS" start="2025-11-07T14:31:46.470999" elapsed="0.017005"/>
</kw>
<msg time="2025-11-07T14:31:46.488004" level="INFO">${is_visible} = True</msg>
<var>${is_visible}</var>
<arg>Get Element States</arg>
<arg>${element_to_check}</arg>
<arg>contains</arg>
<arg>visible</arg>
<doc>Runs the given keyword with given arguments and returns the status as a Boolean value.</doc>
<status status="PASS" start="2025-11-07T14:31:46.470999" elapsed="0.017005"/>
</kw>
<kw name="Run Keyword If" owner="BuiltIn">
<kw name="Highlight Elements" owner="Browser">
<msg time="2025-11-07T14:31:46.494051" level="INFO">Highlighted 1 elements for 3000 ms.</msg>
<arg>${element_to_check}</arg>
<arg>duration=3s</arg>
<arg>width=5px</arg>
<arg>style=dotted</arg>
<arg>color=#FA8072</arg>
<tag>PageContent</tag>
<tag>Setter</tag>
<doc>Adds a highlight to elements matched by the ``selector``. Provides a style adjustment.</doc>
<status status="PASS" start="2025-11-07T14:31:46.488004" elapsed="0.006047"/>
</kw>
<arg>${is_visible}</arg>
<arg>Highlight Elements</arg>
<arg>${element_to_check}</arg>
<arg>duration=3s</arg>
<arg>width=5px</arg>
<arg>style=dotted</arg>
<arg>color=#FA8072</arg>
<doc>Runs the given keyword with the given arguments, if ``condition`` is true.</doc>
<status status="PASS" start="2025-11-07T14:31:46.488004" elapsed="0.006047"/>
</kw>
<kw name="Run Keyword If" owner="BuiltIn">
<arg>not ${is_visible}</arg>
<arg>Run Keywords</arg>
<arg>Log To Console</arg>
<arg>⚠️ Element not visible: ${element_to_check}</arg>
<arg>AND</arg>
<arg>Take Screenshot</arg>
<doc>Runs the given keyword with the given arguments, if ``condition`` is true.</doc>
<status status="PASS" start="2025-11-07T14:31:46.494051" elapsed="0.000000"/>
</kw>
<arg>${NGOS_SUBTEXT2}</arg>
<status status="PASS" start="2025-11-07T14:31:46.469998" elapsed="0.025054"/>
</kw>
<kw name="Check For Element Visibility" owner="ngos-sharedKeywords">
<kw name="Run Keyword And Return Status" owner="BuiltIn">
<kw name="Get Element States" owner="Browser">
<msg time="2025-11-07T14:31:46.514238" level="INFO">States are: ['attached', 'visible', 'enabled', 'editable', 'defocused']</msg>
<arg>${element_to_check}</arg>
<arg>contains</arg>
<arg>visible</arg>
<tag>Assertion</tag>
<tag>Getter</tag>
<tag>PageContent</tag>
<doc>Get the active states from the element found by ``selector``.</doc>
<status status="PASS" start="2025-11-07T14:31:46.495052" elapsed="0.020187"/>
</kw>
<msg time="2025-11-07T14:31:46.515239" level="INFO">${is_visible} = True</msg>
<var>${is_visible}</var>
<arg>Get Element States</arg>
<arg>${element_to_check}</arg>
<arg>contains</arg>
<arg>visible</arg>
<doc>Runs the given keyword with given arguments and returns the status as a Boolean value.</doc>
<status status="PASS" start="2025-11-07T14:31:46.495052" elapsed="0.020187"/>
</kw>
<kw name="Run Keyword If" owner="BuiltIn">
<kw name="Highlight Elements" owner="Browser">
<msg time="2025-11-07T14:31:46.521410" level="INFO">Highlighted 1 elements for 3000 ms.</msg>
<arg>${element_to_check}</arg>
<arg>duration=3s</arg>
<arg>width=5px</arg>
<arg>style=dotted</arg>
<arg>color=#FA8072</arg>
<tag>PageContent</tag>
<tag>Setter</tag>
<doc>Adds a highlight to elements matched by the ``selector``. Provides a style adjustment.</doc>
<status status="PASS" start="2025-11-07T14:31:46.515239" elapsed="0.007171"/>
</kw>
<arg>${is_visible}</arg>
<arg>Highlight Elements</arg>
<arg>${element_to_check}</arg>
<arg>duration=3s</arg>
<arg>width=5px</arg>
<arg>style=dotted</arg>
<arg>color=#FA8072</arg>
<doc>Runs the given keyword with the given arguments, if ``condition`` is true.</doc>
<status status="PASS" start="2025-11-07T14:31:46.515239" elapsed="0.007171"/>
</kw>
<kw name="Run Keyword If" owner="BuiltIn">
<arg>not ${is_visible}</arg>
<arg>Run Keywords</arg>
<arg>Log To Console</arg>
<arg>⚠️ Element not visible: ${element_to_check}</arg>
<arg>AND</arg>
<arg>Take Screenshot</arg>
<doc>Runs the given keyword with the given arguments, if ``condition`` is true.</doc>
<status status="PASS" start="2025-11-07T14:31:46.522410" elapsed="0.000000"/>
</kw>
<arg>${NGOS_MOBILE_FIELD}</arg>
<status status="PASS" start="2025-11-07T14:31:46.495052" elapsed="0.027358"/>
</kw>
<kw name="Check For Element Visibility" owner="ngos-sharedKeywords">
<kw name="Run Keyword And Return Status" owner="BuiltIn">
<kw name="Get Element States" owner="Browser">
<msg time="2025-11-07T14:31:46.539421" level="INFO">States are: ['attached', 'visible', 'disabled', 'readonly', 'defocused']</msg>
<arg>${element_to_check}</arg>
<arg>contains</arg>
<arg>visible</arg>
<tag>Assertion</tag>
<tag>Getter</tag>
<tag>PageContent</tag>
<doc>Get the active states from the element found by ``selector``.</doc>
<status status="PASS" start="2025-11-07T14:31:46.523419" elapsed="0.016002"/>
</kw>
<msg time="2025-11-07T14:31:46.540421" level="INFO">${is_visible} = True</msg>
<var>${is_visible}</var>
<arg>Get Element States</arg>
<arg>${element_to_check}</arg>
<arg>contains</arg>
<arg>visible</arg>
<doc>Runs the given keyword with given arguments and returns the status as a Boolean value.</doc>
<status status="PASS" start="2025-11-07T14:31:46.523419" elapsed="0.017002"/>
</kw>
<kw name="Run Keyword If" owner="BuiltIn">
<kw name="Highlight Elements" owner="Browser">
<msg time="2025-11-07T14:31:46.546420" level="INFO">Highlighted 1 elements for 3000 ms.</msg>
<arg>${element_to_check}</arg>
<arg>duration=3s</arg>
<arg>width=5px</arg>
<arg>style=dotted</arg>
<arg>color=#FA8072</arg>
<tag>PageContent</tag>
<tag>Setter</tag>
<doc>Adds a highlight to elements matched by the ``selector``. Provides a style adjustment.</doc>
<status status="PASS" start="2025-11-07T14:31:46.540421" elapsed="0.007000"/>
</kw>
<arg>${is_visible}</arg>
<arg>Highlight Elements</arg>
<arg>${element_to_check}</arg>
<arg>duration=3s</arg>
<arg>width=5px</arg>
<arg>style=dotted</arg>
<arg>color=#FA8072</arg>
<doc>Runs the given keyword with the given arguments, if ``condition`` is true.</doc>
<status status="PASS" start="2025-11-07T14:31:46.540421" elapsed="0.007000"/>
</kw>
<kw name="Run Keyword If" owner="BuiltIn">
<arg>not ${is_visible}</arg>
<arg>Run Keywords</arg>
<arg>Log To Console</arg>
<arg>⚠️ Element not visible: ${element_to_check}</arg>
<arg>AND</arg>
<arg>Take Screenshot</arg>
<doc>Runs the given keyword with the given arguments, if ``condition`` is true.</doc>
<status status="PASS" start="2025-11-07T14:31:46.547421" elapsed="0.000000"/>
</kw>
<arg>${NGOS_SUBMIT_BUTTON}</arg>
<status status="PASS" start="2025-11-07T14:31:46.522410" elapsed="0.025011"/>
</kw>
<kw name="Check For Element Visibility" owner="ngos-sharedKeywords">
<kw name="Run Keyword And Return Status" owner="BuiltIn">
<kw name="Get Element States" owner="Browser">
<msg time="2025-11-07T14:31:46.563932" level="INFO">States are: ['attached', 'visible', 'enabled', 'defocused']</msg>
<arg>${element_to_check}</arg>
<arg>contains</arg>
<arg>visible</arg>
<tag>Assertion</tag>
<tag>Getter</tag>
<tag>PageContent</tag>
<doc>Get the active states from the element found by ``selector``.</doc>
<status status="PASS" start="2025-11-07T14:31:46.548420" elapsed="0.015512"/>
</kw>
<msg time="2025-11-07T14:31:46.563932" level="INFO">${is_visible} = True</msg>
<var>${is_visible}</var>
<arg>Get Element States</arg>
<arg>${element_to_check}</arg>
<arg>contains</arg>
<arg>visible</arg>
<doc>Runs the given keyword with given arguments and returns the status as a Boolean value.</doc>
<status status="PASS" start="2025-11-07T14:31:46.548420" elapsed="0.015512"/>
</kw>
<kw name="Run Keyword If" owner="BuiltIn">
<kw name="Highlight Elements" owner="Browser">
<msg time="2025-11-07T14:31:46.570934" level="INFO">Highlighted 1 elements for 3000 ms.</msg>
<arg>${element_to_check}</arg>
<arg>duration=3s</arg>
<arg>width=5px</arg>
<arg>style=dotted</arg>
<arg>color=#FA8072</arg>
<tag>PageContent</tag>
<tag>Setter</tag>
<doc>Adds a highlight to elements matched by the ``selector``. Provides a style adjustment.</doc>
<status status="PASS" start="2025-11-07T14:31:46.564933" elapsed="0.007000"/>
</kw>
<arg>${is_visible}</arg>
<arg>Highlight Elements</arg>
<arg>${element_to_check}</arg>
<arg>duration=3s</arg>
<arg>width=5px</arg>
<arg>style=dotted</arg>
<arg>color=#FA8072</arg>
<doc>Runs the given keyword with the given arguments, if ``condition`` is true.</doc>
<status status="PASS" start="2025-11-07T14:31:46.563932" elapsed="0.008001"/>
</kw>
<kw name="Run Keyword If" owner="BuiltIn">
<arg>not ${is_visible}</arg>
<arg>Run Keywords</arg>
<arg>Log To Console</arg>
<arg>⚠️ Element not visible: ${element_to_check}</arg>
<arg>AND</arg>
<arg>Take Screenshot</arg>
<doc>Runs the given keyword with the given arguments, if ``condition`` is true.</doc>
<status status="PASS" start="2025-11-07T14:31:46.571933" elapsed="0.000000"/>
</kw>
<arg>${NGOS_COPYRIGHT}</arg>
<status status="PASS" start="2025-11-07T14:31:46.548420" elapsed="0.024512"/>
</kw>
<kw name="Sleep" owner="BuiltIn">
<msg time="2025-11-07T14:31:51.578988" level="INFO">Slept 5 seconds.</msg>
<arg>5s</arg>
<doc>Pauses the test executed for the given time.</doc>
<status status="PASS" start="2025-11-07T14:31:46.572932" elapsed="5.006056"/>
</kw>
<kw name="Take Screenshot" owner="Browser">
<msg time="2025-11-07T14:31:51.661136" level="INFO" html="true">&lt;/td&gt;&lt;/tr&gt;&lt;tr&gt;&lt;td colspan="3"&gt;&lt;a href="browser/screenshot/robotframework-browser-screenshot-6.png" target="_blank"&gt;&lt;img src="browser/screenshot/robotframework-browser-screenshot-6.png" width="800px"/&gt;&lt;/a&gt;</msg>
<tag>PageContent</tag>
<doc>Takes a screenshot of the current window or element and saves it to disk.</doc>
<status status="PASS" start="2025-11-07T14:31:51.580033" elapsed="0.081103"/>
</kw>
<status status="PASS" start="2025-11-07T14:31:46.304822" elapsed="5.356314"/>
</kw>
<kw name="Verify Insert Valid MSISDN" owner="ngos-reloadKeywords">
<kw name="Fill Text" owner="Browser">
<msg time="2025-11-07T14:31:51.663137" level="INFO">Fills the text '60104362933' in the given field.</msg>
<arg>${NGOS_MOBILE_FIELD}</arg>
<arg>${PREPAID_MSISDN}</arg>
<tag>PageContent</tag>
<tag>Setter</tag>
<doc>Clears and fills the given ``txt`` into the text field found by ``selector``.</doc>
<status status="PASS" start="2025-11-07T14:31:51.662139" elapsed="0.015997"/>
</kw>
<kw name="Click" owner="Browser">
<msg time="2025-11-07T14:31:51.679136" level="INFO">Clicks the element '//button[@id='submit_button']'.</msg>
<arg>${NGOS_SUBMIT_BUTTON}</arg>
<tag>PageContent</tag>
<tag>Setter</tag>
<doc>Simulates mouse click on the element found by ``selector``.</doc>
<status status="PASS" start="2025-11-07T14:31:51.679136" elapsed="0.081102"/>
</kw>
<kw name="Wait Visible &amp; Hidden" owner="ngos-sharedKeywords">
<kw name="Wait For Elements State" owner="Browser">
<msg time="2025-11-07T14:31:51.765242" level="INFO">Waited for Element with selector //div[@id='cd-loading'] at state visible</msg>
<arg>${ElementsToWait}</arg>
<arg>visible</arg>
<arg>timeout=${timeout}</arg>
<tag>PageContent</tag>
<tag>Wait</tag>
<doc>Waits for the element found by ``selector`` to satisfy state option.</doc>
<status status="PASS" start="2025-11-07T14:31:51.761239" elapsed="0.004003"/>
</kw>
<kw name="Wait For Elements State" owner="Browser">
<msg time="2025-11-07T14:31:54.140548" level="INFO">Waited for Element with selector //div[@id='cd-loading'] at state hidden</msg>
<arg>${ElementsToWait}</arg>
<arg>hidden</arg>
<arg>timeout=${timeout}</arg>
<tag>PageContent</tag>
<tag>Wait</tag>
<doc>Waits for the element found by ``selector`` to satisfy state option.</doc>
<status status="PASS" start="2025-11-07T14:31:51.766236" elapsed="2.374312"/>
</kw>
<arg>${CD_LOADING}</arg>
<status status="PASS" start="2025-11-07T14:31:51.760238" elapsed="2.380310"/>
</kw>
<kw name="Sleep" owner="BuiltIn">
<msg time="2025-11-07T14:31:56.155808" level="INFO">Slept 2 seconds.</msg>
<arg>2s</arg>
<doc>Pauses the test executed for the given time.</doc>
<status status="PASS" start="2025-11-07T14:31:54.141544" elapsed="2.014264"/>
</kw>
<kw name="Take Screenshot" owner="Browser">
<msg time="2025-11-07T14:31:56.286899" level="INFO" html="true">&lt;/td&gt;&lt;/tr&gt;&lt;tr&gt;&lt;td colspan="3"&gt;&lt;a href="browser/screenshot/robotframework-browser-screenshot-7.png" target="_blank"&gt;&lt;img src="browser/screenshot/robotframework-browser-screenshot-7.png" width="800px"/&gt;&lt;/a&gt;</msg>
<tag>PageContent</tag>
<doc>Takes a screenshot of the current window or element and saves it to disk.</doc>
<status status="PASS" start="2025-11-07T14:31:56.155808" elapsed="0.131091"/>
</kw>
<status status="PASS" start="2025-11-07T14:31:51.662139" elapsed="4.624760"/>
</kw>
<kw name="Verify NGOS Reload Page 2" owner="ngos-reloadKeywords">
<kw name="Check For Element Visibility" owner="ngos-sharedKeywords">
<kw name="Run Keyword And Return Status" owner="BuiltIn">
<kw name="Get Element States" owner="Browser">
<msg time="2025-11-07T14:31:56.307898" level="INFO">States are: ['attached', 'visible', 'enabled', 'defocused']</msg>
<arg>${element_to_check}</arg>
<arg>contains</arg>
<arg>visible</arg>
<tag>Assertion</tag>
<tag>Getter</tag>
<tag>PageContent</tag>
<doc>Get the active states from the element found by ``selector``.</doc>
<status status="PASS" start="2025-11-07T14:31:56.288898" elapsed="0.019000"/>
</kw>
<msg time="2025-11-07T14:31:56.308920" level="INFO">${is_visible} = True</msg>
<var>${is_visible}</var>
<arg>Get Element States</arg>
<arg>${element_to_check}</arg>
<arg>contains</arg>
<arg>visible</arg>
<doc>Runs the given keyword with given arguments and returns the status as a Boolean value.</doc>
<status status="PASS" start="2025-11-07T14:31:56.288898" elapsed="0.020022"/>
</kw>
<kw name="Run Keyword If" owner="BuiltIn">
<kw name="Highlight Elements" owner="Browser">
<msg time="2025-11-07T14:31:56.314899" level="INFO">Highlighted 1 elements for 3000 ms.</msg>
<arg>${element_to_check}</arg>
<arg>duration=3s</arg>
<arg>width=5px</arg>
<arg>style=dotted</arg>
<arg>color=#FA8072</arg>
<tag>PageContent</tag>
<tag>Setter</tag>
<doc>Adds a highlight to elements matched by the ``selector``. Provides a style adjustment.</doc>
<status status="PASS" start="2025-11-07T14:31:56.308920" elapsed="0.006980"/>
</kw>
<arg>${is_visible}</arg>
<arg>Highlight Elements</arg>
<arg>${element_to_check}</arg>
<arg>duration=3s</arg>
<arg>width=5px</arg>
<arg>style=dotted</arg>
<arg>color=#FA8072</arg>
<doc>Runs the given keyword with the given arguments, if ``condition`` is true.</doc>
<status status="PASS" start="2025-11-07T14:31:56.308920" elapsed="0.006980"/>
</kw>
<kw name="Run Keyword If" owner="BuiltIn">
<arg>not ${is_visible}</arg>
<arg>Run Keywords</arg>
<arg>Log To Console</arg>
<arg>⚠️ Element not visible: ${element_to_check}</arg>
<arg>AND</arg>
<arg>Take Screenshot</arg>
<doc>Runs the given keyword with the given arguments, if ``condition`` is true.</doc>
<status status="PASS" start="2025-11-07T14:31:56.315900" elapsed="0.000000"/>
</kw>
<arg>${NGOS_CD_LOGO}</arg>
<status status="PASS" start="2025-11-07T14:31:56.288898" elapsed="0.028003"/>
</kw>
<kw name="Check For Element Visibility" owner="ngos-sharedKeywords">
<kw name="Run Keyword And Return Status" owner="BuiltIn">
<kw name="Get Element States" owner="Browser">
<msg time="2025-11-07T14:31:56.338899" level="INFO">States are: ['attached', 'visible', 'enabled', 'defocused']</msg>
<arg>${element_to_check}</arg>
<arg>contains</arg>
<arg>visible</arg>
<tag>Assertion</tag>
<tag>Getter</tag>
<tag>PageContent</tag>
<doc>Get the active states from the element found by ``selector``.</doc>
<status status="PASS" start="2025-11-07T14:31:56.316901" elapsed="0.021998"/>
</kw>
<msg time="2025-11-07T14:31:56.338899" level="INFO">${is_visible} = True</msg>
<var>${is_visible}</var>
<arg>Get Element States</arg>
<arg>${element_to_check}</arg>
<arg>contains</arg>
<arg>visible</arg>
<doc>Runs the given keyword with given arguments and returns the status as a Boolean value.</doc>
<status status="PASS" start="2025-11-07T14:31:56.316901" elapsed="0.021998"/>
</kw>
<kw name="Run Keyword If" owner="BuiltIn">
<kw name="Highlight Elements" owner="Browser">
<msg time="2025-11-07T14:31:56.346903" level="INFO">Highlighted 1 elements for 3000 ms.</msg>
<arg>${element_to_check}</arg>
<arg>duration=3s</arg>
<arg>width=5px</arg>
<arg>style=dotted</arg>
<arg>color=#FA8072</arg>
<tag>PageContent</tag>
<tag>Setter</tag>
<doc>Adds a highlight to elements matched by the ``selector``. Provides a style adjustment.</doc>
<status status="PASS" start="2025-11-07T14:31:56.339900" elapsed="0.007003"/>
</kw>
<arg>${is_visible}</arg>
<arg>Highlight Elements</arg>
<arg>${element_to_check}</arg>
<arg>duration=3s</arg>
<arg>width=5px</arg>
<arg>style=dotted</arg>
<arg>color=#FA8072</arg>
<doc>Runs the given keyword with the given arguments, if ``condition`` is true.</doc>
<status status="PASS" start="2025-11-07T14:31:56.339900" elapsed="0.007003"/>
</kw>
<kw name="Run Keyword If" owner="BuiltIn">
<arg>not ${is_visible}</arg>
<arg>Run Keywords</arg>
<arg>Log To Console</arg>
<arg>⚠️ Element not visible: ${element_to_check}</arg>
<arg>AND</arg>
<arg>Take Screenshot</arg>
<doc>Runs the given keyword with the given arguments, if ``condition`` is true.</doc>
<status status="PASS" start="2025-11-07T14:31:56.346903" elapsed="0.001000"/>
</kw>
<arg>${NGOS_SHOP_TEXT}</arg>
<status status="PASS" start="2025-11-07T14:31:56.316901" elapsed="0.031002"/>
</kw>
<kw name="Check For Element Visibility" owner="ngos-sharedKeywords">
<kw name="Run Keyword And Return Status" owner="BuiltIn">
<kw name="Get Element States" owner="Browser">
<msg time="2025-11-07T14:31:56.370854" level="INFO">States are: ['attached', 'visible', 'enabled', 'defocused']</msg>
<arg>${element_to_check}</arg>
<arg>contains</arg>
<arg>visible</arg>
<tag>Assertion</tag>
<tag>Getter</tag>
<tag>PageContent</tag>
<doc>Get the active states from the element found by ``selector``.</doc>
<status status="PASS" start="2025-11-07T14:31:56.348902" elapsed="0.021952"/>
</kw>
<msg time="2025-11-07T14:31:56.370854" level="INFO">${is_visible} = True</msg>
<var>${is_visible}</var>
<arg>Get Element States</arg>
<arg>${element_to_check}</arg>
<arg>contains</arg>
<arg>visible</arg>
<doc>Runs the given keyword with given arguments and returns the status as a Boolean value.</doc>
<status status="PASS" start="2025-11-07T14:31:56.347903" elapsed="0.022951"/>
</kw>
<kw name="Run Keyword If" owner="BuiltIn">
<kw name="Highlight Elements" owner="Browser">
<msg time="2025-11-07T14:31:56.378791" level="INFO">Highlighted 1 elements for 3000 ms.</msg>
<arg>${element_to_check}</arg>
<arg>duration=3s</arg>
<arg>width=5px</arg>
<arg>style=dotted</arg>
<arg>color=#FA8072</arg>
<tag>PageContent</tag>
<tag>Setter</tag>
<doc>Adds a highlight to elements matched by the ``selector``. Provides a style adjustment.</doc>
<status status="PASS" start="2025-11-07T14:31:56.371393" elapsed="0.007911"/>
</kw>
<arg>${is_visible}</arg>
<arg>Highlight Elements</arg>
<arg>${element_to_check}</arg>
<arg>duration=3s</arg>
<arg>width=5px</arg>
<arg>style=dotted</arg>
<arg>color=#FA8072</arg>
<doc>Runs the given keyword with the given arguments, if ``condition`` is true.</doc>
<status status="PASS" start="2025-11-07T14:31:56.371393" elapsed="0.007911"/>
</kw>
<kw name="Run Keyword If" owner="BuiltIn">
<arg>not ${is_visible}</arg>
<arg>Run Keywords</arg>
<arg>Log To Console</arg>
<arg>⚠️ Element not visible: ${element_to_check}</arg>
<arg>AND</arg>
<arg>Take Screenshot</arg>
<doc>Runs the given keyword with the given arguments, if ``condition`` is true.</doc>
<status status="PASS" start="2025-11-07T14:31:56.379304" elapsed="0.000530"/>
</kw>
<arg>${NGOS_LANGUAGE_BUTTON}</arg>
<status status="PASS" start="2025-11-07T14:31:56.347903" elapsed="0.031931"/>
</kw>
<kw name="Check For Element Visibility" owner="ngos-sharedKeywords">
<kw name="Run Keyword And Return Status" owner="BuiltIn">
<kw name="Get Element States" owner="Browser">
<msg time="2025-11-07T14:31:56.402957" level="INFO">States are: ['attached', 'visible', 'enabled', 'defocused']</msg>
<arg>${element_to_check}</arg>
<arg>contains</arg>
<arg>visible</arg>
<tag>Assertion</tag>
<tag>Getter</tag>
<tag>PageContent</tag>
<doc>Get the active states from the element found by ``selector``.</doc>
<status status="PASS" start="2025-11-07T14:31:56.380876" elapsed="0.022081"/>
</kw>
<msg time="2025-11-07T14:31:56.402957" level="INFO">${is_visible} = True</msg>
<var>${is_visible}</var>
<arg>Get Element States</arg>
<arg>${element_to_check}</arg>
<arg>contains</arg>
<arg>visible</arg>
<doc>Runs the given keyword with given arguments and returns the status as a Boolean value.</doc>
<status status="PASS" start="2025-11-07T14:31:56.380356" elapsed="0.022601"/>
</kw>
<kw name="Run Keyword If" owner="BuiltIn">
<kw name="Highlight Elements" owner="Browser">
<msg time="2025-11-07T14:31:56.411375" level="INFO">Highlighted 1 elements for 3000 ms.</msg>
<arg>${element_to_check}</arg>
<arg>duration=3s</arg>
<arg>width=5px</arg>
<arg>style=dotted</arg>
<arg>color=#FA8072</arg>
<tag>PageContent</tag>
<tag>Setter</tag>
<doc>Adds a highlight to elements matched by the ``selector``. Provides a style adjustment.</doc>
<status status="PASS" start="2025-11-07T14:31:56.402957" elapsed="0.008940"/>
</kw>
<arg>${is_visible}</arg>
<arg>Highlight Elements</arg>
<arg>${element_to_check}</arg>
<arg>duration=3s</arg>
<arg>width=5px</arg>
<arg>style=dotted</arg>
<arg>color=#FA8072</arg>
<doc>Runs the given keyword with the given arguments, if ``condition`` is true.</doc>
<status status="PASS" start="2025-11-07T14:31:56.402957" elapsed="0.008940"/>
</kw>
<kw name="Run Keyword If" owner="BuiltIn">
<arg>not ${is_visible}</arg>
<arg>Run Keywords</arg>
<arg>Log To Console</arg>
<arg>⚠️ Element not visible: ${element_to_check}</arg>
<arg>AND</arg>
<arg>Take Screenshot</arg>
<doc>Runs the given keyword with the given arguments, if ``condition`` is true.</doc>
<status status="PASS" start="2025-11-07T14:31:56.411897" elapsed="0.000535"/>
</kw>
<arg>${NGOS_BANNER_FULL}</arg>
<status status="PASS" start="2025-11-07T14:31:56.379834" elapsed="0.032598"/>
</kw>
<kw name="Check For Element Visibility" owner="ngos-sharedKeywords">
<kw name="Run Keyword And Return Status" owner="BuiltIn">
<kw name="Get Element States" owner="Browser">
<msg time="2025-11-07T14:31:56.433159" level="INFO">States are: ['attached', 'visible', 'enabled', 'defocused']</msg>
<arg>${element_to_check}</arg>
<arg>contains</arg>
<arg>visible</arg>
<tag>Assertion</tag>
<tag>Getter</tag>
<tag>PageContent</tag>
<doc>Get the active states from the element found by ``selector``.</doc>
<status status="PASS" start="2025-11-07T14:31:56.413489" elapsed="0.019670"/>
</kw>
<msg time="2025-11-07T14:31:56.433706" level="INFO">${is_visible} = True</msg>
<var>${is_visible}</var>
<arg>Get Element States</arg>
<arg>${element_to_check}</arg>
<arg>contains</arg>
<arg>visible</arg>
<doc>Runs the given keyword with given arguments and returns the status as a Boolean value.</doc>
<status status="PASS" start="2025-11-07T14:31:56.412965" elapsed="0.020741"/>
</kw>
<kw name="Run Keyword If" owner="BuiltIn">
<kw name="Highlight Elements" owner="Browser">
<msg time="2025-11-07T14:31:56.440550" level="INFO">Highlighted 1 elements for 3000 ms.</msg>
<arg>${element_to_check}</arg>
<arg>duration=3s</arg>
<arg>width=5px</arg>
<arg>style=dotted</arg>
<arg>color=#FA8072</arg>
<tag>PageContent</tag>
<tag>Setter</tag>
<doc>Adds a highlight to elements matched by the ``selector``. Provides a style adjustment.</doc>
<status status="PASS" start="2025-11-07T14:31:56.434255" elapsed="0.006831"/>
</kw>
<arg>${is_visible}</arg>
<arg>Highlight Elements</arg>
<arg>${element_to_check}</arg>
<arg>duration=3s</arg>
<arg>width=5px</arg>
<arg>style=dotted</arg>
<arg>color=#FA8072</arg>
<doc>Runs the given keyword with the given arguments, if ``condition`` is true.</doc>
<status status="PASS" start="2025-11-07T14:31:56.433706" elapsed="0.007380"/>
</kw>
<kw name="Run Keyword If" owner="BuiltIn">
<arg>not ${is_visible}</arg>
<arg>Run Keywords</arg>
<arg>Log To Console</arg>
<arg>⚠️ Element not visible: ${element_to_check}</arg>
<arg>AND</arg>
<arg>Take Screenshot</arg>
<doc>Runs the given keyword with the given arguments, if ``condition`` is true.</doc>
<status status="PASS" start="2025-11-07T14:31:56.441086" elapsed="0.000543"/>
</kw>
<arg>${NGOS_BANNER_TYPE}</arg>
<status status="PASS" start="2025-11-07T14:31:56.412432" elapsed="0.029197"/>
</kw>
<kw name="Check For Element Visibility" owner="ngos-sharedKeywords">
<kw name="Run Keyword And Return Status" owner="BuiltIn">
<kw name="Get Element States" owner="Browser">
<msg time="2025-11-07T14:31:56.463987" level="INFO">States are: ['attached', 'visible', 'enabled', 'defocused']</msg>
<arg>${element_to_check}</arg>
<arg>contains</arg>
<arg>visible</arg>
<tag>Assertion</tag>
<tag>Getter</tag>
<tag>PageContent</tag>
<doc>Get the active states from the element found by ``selector``.</doc>
<status status="PASS" start="2025-11-07T14:31:56.442704" elapsed="0.021283"/>
</kw>
<msg time="2025-11-07T14:31:56.464510" level="INFO">${is_visible} = True</msg>
<var>${is_visible}</var>
<arg>Get Element States</arg>
<arg>${element_to_check}</arg>
<arg>contains</arg>
<arg>visible</arg>
<doc>Runs the given keyword with given arguments and returns the status as a Boolean value.</doc>
<status status="PASS" start="2025-11-07T14:31:56.442166" elapsed="0.022344"/>
</kw>
<kw name="Run Keyword If" owner="BuiltIn">
<kw name="Highlight Elements" owner="Browser">
<msg time="2025-11-07T14:31:56.472011" level="INFO">Highlighted 1 elements for 3000 ms.</msg>
<arg>${element_to_check}</arg>
<arg>duration=3s</arg>
<arg>width=5px</arg>
<arg>style=dotted</arg>
<arg>color=#FA8072</arg>
<tag>PageContent</tag>
<tag>Setter</tag>
[...]
</kw>
<arg>${NGPAY_PAYMENT_EWALLET}</arg>
<status status="PASS" start="2025-11-07T14:33:09.141062" elapsed="0.020000"/>
</kw>
<kw name="Check For Element Visibility" owner="ngos-sharedKeywords">
<kw name="Run Keyword And Return Status" owner="BuiltIn">
<kw name="Get Element States" owner="Browser">
<msg time="2025-11-07T14:33:09.173230" level="INFO">States are: ['attached', 'visible', 'enabled', 'editable', 'defocused', 'unchecked']</msg>
<arg>${element_to_check}</arg>
<arg>contains</arg>
<arg>visible</arg>
<tag>Assertion</tag>
<tag>Getter</tag>
<tag>PageContent</tag>
<doc>Get the active states from the element found by ``selector``.</doc>
<status status="PASS" start="2025-11-07T14:33:09.162061" elapsed="0.011169"/>
</kw>
<msg time="2025-11-07T14:33:09.173230" level="INFO">${is_visible} = True</msg>
<var>${is_visible}</var>
<arg>Get Element States</arg>
<arg>${element_to_check}</arg>
<arg>contains</arg>
<arg>visible</arg>
<doc>Runs the given keyword with given arguments and returns the status as a Boolean value.</doc>
<status status="PASS" start="2025-11-07T14:33:09.162061" elapsed="0.011169"/>
</kw>
<kw name="Run Keyword If" owner="BuiltIn">
<kw name="Highlight Elements" owner="Browser">
<msg time="2025-11-07T14:33:09.179242" level="INFO">Highlighted 1 elements for 3000 ms.</msg>
<arg>${element_to_check}</arg>
<arg>duration=3s</arg>
<arg>width=5px</arg>
<arg>style=dotted</arg>
<arg>color=#FA8072</arg>
<tag>PageContent</tag>
<tag>Setter</tag>
<doc>Adds a highlight to elements matched by the ``selector``. Provides a style adjustment.</doc>
<status status="PASS" start="2025-11-07T14:33:09.174236" elapsed="0.005006"/>
</kw>
<arg>${is_visible}</arg>
<arg>Highlight Elements</arg>
<arg>${element_to_check}</arg>
<arg>duration=3s</arg>
<arg>width=5px</arg>
<arg>style=dotted</arg>
<arg>color=#FA8072</arg>
<doc>Runs the given keyword with the given arguments, if ``condition`` is true.</doc>
<status status="PASS" start="2025-11-07T14:33:09.174236" elapsed="0.005006"/>
</kw>
<kw name="Run Keyword If" owner="BuiltIn">
<arg>not ${is_visible}</arg>
<arg>Run Keywords</arg>
<arg>Log To Console</arg>
<arg>⚠️ Element not visible: ${element_to_check}</arg>
<arg>AND</arg>
<arg>Take Screenshot</arg>
<doc>Runs the given keyword with the given arguments, if ``condition`` is true.</doc>
<status status="PASS" start="2025-11-07T14:33:09.179242" elapsed="0.000000"/>
</kw>
<arg>${NGPAY_PAYMENT_CREDIT_CARD}</arg>
<status status="PASS" start="2025-11-07T14:33:09.162061" elapsed="0.017181"/>
</kw>
<kw name="Check For Element Visibility" owner="ngos-sharedKeywords">
<kw name="Run Keyword And Return Status" owner="BuiltIn">
<kw name="Get Element States" owner="Browser">
<msg time="2025-11-07T14:33:09.191708" level="INFO">States are: ['attached', 'visible', 'enabled', 'editable', 'defocused', 'unchecked']</msg>
<arg>${element_to_check}</arg>
<arg>contains</arg>
<arg>visible</arg>
<tag>Assertion</tag>
<tag>Getter</tag>
<tag>PageContent</tag>
<doc>Get the active states from the element found by ``selector``.</doc>
<status status="PASS" start="2025-11-07T14:33:09.180702" elapsed="0.011006"/>
</kw>
<msg time="2025-11-07T14:33:09.191708" level="INFO">${is_visible} = True</msg>
<var>${is_visible}</var>
<arg>Get Element States</arg>
<arg>${element_to_check}</arg>
<arg>contains</arg>
<arg>visible</arg>
<doc>Runs the given keyword with given arguments and returns the status as a Boolean value.</doc>
<status status="PASS" start="2025-11-07T14:33:09.180702" elapsed="0.011006"/>
</kw>
<kw name="Run Keyword If" owner="BuiltIn">
<kw name="Highlight Elements" owner="Browser">
<msg time="2025-11-07T14:33:09.196708" level="INFO">Highlighted 1 elements for 3000 ms.</msg>
<arg>${element_to_check}</arg>
<arg>duration=3s</arg>
<arg>width=5px</arg>
<arg>style=dotted</arg>
<arg>color=#FA8072</arg>
<tag>PageContent</tag>
<tag>Setter</tag>
<doc>Adds a highlight to elements matched by the ``selector``. Provides a style adjustment.</doc>
<status status="PASS" start="2025-11-07T14:33:09.192725" elapsed="0.003983"/>
</kw>
<arg>${is_visible}</arg>
<arg>Highlight Elements</arg>
<arg>${element_to_check}</arg>
<arg>duration=3s</arg>
<arg>width=5px</arg>
<arg>style=dotted</arg>
<arg>color=#FA8072</arg>
<doc>Runs the given keyword with the given arguments, if ``condition`` is true.</doc>
<status status="PASS" start="2025-11-07T14:33:09.191708" elapsed="0.005000"/>
</kw>
<kw name="Run Keyword If" owner="BuiltIn">
<arg>not ${is_visible}</arg>
<arg>Run Keywords</arg>
<arg>Log To Console</arg>
<arg>⚠️ Element not visible: ${element_to_check}</arg>
<arg>AND</arg>
<arg>Take Screenshot</arg>
<doc>Runs the given keyword with the given arguments, if ``condition`` is true.</doc>
<status status="PASS" start="2025-11-07T14:33:09.197724" elapsed="0.000000"/>
</kw>
<arg>${NGPAY_PAYMENT_ONLINE_BANKING}</arg>
<status status="PASS" start="2025-11-07T14:33:09.179242" elapsed="0.018482"/>
</kw>
<kw name="Sleep" owner="BuiltIn">
<msg time="2025-11-07T14:33:11.202289" level="INFO">Slept 2 seconds.</msg>
<arg>2s</arg>
<doc>Pauses the test executed for the given time.</doc>
<status status="PASS" start="2025-11-07T14:33:09.197724" elapsed="2.004565"/>
</kw>
<kw name="Take Screenshot" owner="Browser">
<msg time="2025-11-07T14:33:11.282030" level="INFO" html="true">&lt;/td&gt;&lt;/tr&gt;&lt;tr&gt;&lt;td colspan="3"&gt;&lt;a href="browser/screenshot/robotframework-browser-screenshot-25.png" target="_blank"&gt;&lt;img src="browser/screenshot/robotframework-browser-screenshot-25.png" width="800px"/&gt;&lt;/a&gt;</msg>
<tag>PageContent</tag>
<doc>Takes a screenshot of the current window or element and saves it to disk.</doc>
<status status="PASS" start="2025-11-07T14:33:11.203291" elapsed="0.078739"/>
</kw>
<kw name="Sleep" owner="BuiltIn">
<msg time="2025-11-07T14:33:13.285606" level="INFO">Slept 2 seconds.</msg>
<arg>2s</arg>
<doc>Pauses the test executed for the given time.</doc>
<status status="PASS" start="2025-11-07T14:33:11.283032" elapsed="2.002574"/>
</kw>
<kw name="Click" owner="Browser">
<msg time="2025-11-07T14:33:13.287944" level="INFO">Clicks the element '//label[@id="eWallet"]'.</msg>
<arg>${NGPAY_PAYMENT_EWALLET}</arg>
<tag>PageContent</tag>
<tag>Setter</tag>
<doc>Simulates mouse click on the element found by ``selector``.</doc>
<status status="PASS" start="2025-11-07T14:33:13.286693" elapsed="0.163959"/>
</kw>
<kw name="Sleep" owner="BuiltIn">
<msg time="2025-11-07T14:33:15.455852" level="INFO">Slept 2 seconds.</msg>
<arg>2s</arg>
<doc>Pauses the test executed for the given time.</doc>
<status status="PASS" start="2025-11-07T14:33:13.450652" elapsed="2.005200"/>
</kw>
<kw name="Click" owner="Browser">
<msg time="2025-11-07T14:33:15.458888" level="INFO">Clicks the element '//label[@id="Credit-debit-card"]'.</msg>
<arg>${NGPAY_PAYMENT_CREDIT_CARD}</arg>
<tag>PageContent</tag>
<tag>Setter</tag>
<doc>Simulates mouse click on the element found by ``selector``.</doc>
<status status="PASS" start="2025-11-07T14:33:15.456892" elapsed="0.033047"/>
</kw>
<kw name="Sleep" owner="BuiltIn">
<msg time="2025-11-07T14:33:17.503234" level="INFO">Slept 2 seconds.</msg>
<arg>2s</arg>
<doc>Pauses the test executed for the given time.</doc>
<status status="PASS" start="2025-11-07T14:33:15.489939" elapsed="2.013295"/>
</kw>
<kw name="Click" owner="Browser">
<msg time="2025-11-07T14:33:17.506277" level="INFO">Clicks the element '//label[@id="Online-banking"]'.</msg>
<arg>${NGPAY_PAYMENT_ONLINE_BANKING}</arg>
<tag>PageContent</tag>
<tag>Setter</tag>
<doc>Simulates mouse click on the element found by ``selector``.</doc>
<status status="PASS" start="2025-11-07T14:33:17.504280" elapsed="0.043836"/>
</kw>
<kw name="Sleep" owner="BuiltIn">
<msg time="2025-11-07T14:33:19.548401" level="INFO">Slept 2 seconds.</msg>
<arg>2s</arg>
<doc>Pauses the test executed for the given time.</doc>
<status status="PASS" start="2025-11-07T14:33:17.548116" elapsed="2.000285"/>
</kw>
<kw name="Click" owner="Browser">
<msg time="2025-11-07T14:33:19.552117" level="INFO">Clicks the element '//label[@id="Buy-Now-Pay-Later"]'.</msg>
<arg>${NGPAY_PAYMENT_BNPL}</arg>
<tag>PageContent</tag>
<tag>Setter</tag>
<doc>Simulates mouse click on the element found by ``selector``.</doc>
<status status="PASS" start="2025-11-07T14:33:19.549658" elapsed="0.030041"/>
</kw>
<kw name="Sleep" owner="BuiltIn">
<msg time="2025-11-07T14:33:21.581920" level="INFO">Slept 2 seconds.</msg>
<arg>2s</arg>
<doc>Pauses the test executed for the given time.</doc>
<status status="PASS" start="2025-11-07T14:33:19.580700" elapsed="2.001220"/>
</kw>
<kw name="Click" owner="Browser">
<msg time="2025-11-07T14:33:21.584098" level="INFO">Clicks the element '//label[@id="Online-banking"]'.</msg>
<arg>${NGPAY_PAYMENT_ONLINE_BANKING}</arg>
<tag>PageContent</tag>
<tag>Setter</tag>
<doc>Simulates mouse click on the element found by ``selector``.</doc>
<status status="PASS" start="2025-11-07T14:33:21.583080" elapsed="0.049778"/>
</kw>
<kw name="Sleep" owner="BuiltIn">
<msg time="2025-11-07T14:33:23.641653" level="INFO">Slept 2 seconds.</msg>
<arg>2s</arg>
<doc>Pauses the test executed for the given time.</doc>
<status status="PASS" start="2025-11-07T14:33:21.632858" elapsed="2.008795"/>
</kw>
<kw name="Take Screenshot" owner="Browser">
<msg time="2025-11-07T14:33:23.725413" level="INFO" html="true">&lt;/td&gt;&lt;/tr&gt;&lt;tr&gt;&lt;td colspan="3"&gt;&lt;a href="browser/screenshot/robotframework-browser-screenshot-26.png" target="_blank"&gt;&lt;img src="browser/screenshot/robotframework-browser-screenshot-26.png" width="800px"/&gt;&lt;/a&gt;</msg>
<tag>PageContent</tag>
<doc>Takes a screenshot of the current window or element and saves it to disk.</doc>
<status status="PASS" start="2025-11-07T14:33:23.642669" elapsed="0.082744"/>
</kw>
<status status="PASS" start="2025-11-07T14:33:09.093806" elapsed="14.631607"/>
</kw>
<kw name="Online Banking Selection" owner="ngpay-Keywords">
<kw name="Click" owner="Browser">
<msg time="2025-11-07T14:33:23.728402" level="INFO">Clicks the element '//div[@id="selected-bank-name"]'.</msg>
<arg>${NGPAY_FPX_DROPDOWN}</arg>
<tag>PageContent</tag>
<tag>Setter</tag>
<doc>Simulates mouse click on the element found by ``selector``.</doc>
<status status="PASS" start="2025-11-07T14:33:23.727401" elapsed="0.070723"/>
</kw>
<kw name="Check For Element Visibility" owner="ngos-sharedKeywords">
<kw name="Run Keyword And Return Status" owner="BuiltIn">
<kw name="Get Element States" owner="Browser">
<msg time="2025-11-07T14:33:25.245185" level="INFO" html="true">&lt;/td&gt;&lt;/tr&gt;&lt;tr&gt;&lt;td colspan="3"&gt;&lt;a href="browser/screenshot/fail-screenshot-1.png" target="_blank"&gt;&lt;img src="browser/screenshot/fail-screenshot-1.png" width="800px"/&gt;&lt;/a&gt;</msg>
<msg time="2025-11-07T14:33:25.246184" level="INFO">See also file:///C:/Users/eve.keoy/OneDrive%20-%20Infront%20Consulting%20APAC/Desktop/Dev/qa-automation-main/RobotFramework/playwright-log.txt for additional details.</msg>
<msg time="2025-11-07T14:33:25.246184" level="FAIL">Elements states '['detached']' (list) should contain '['visible']' (list)</msg>
<arg>${element_to_check}</arg>
<arg>contains</arg>
<arg>visible</arg>
<tag>Assertion</tag>
<tag>Getter</tag>
<tag>PageContent</tag>
<doc>Get the active states from the element found by ``selector``.</doc>
<status status="FAIL" start="2025-11-07T14:33:23.800118" elapsed="1.450065">Elements states '['detached']' (list) should contain '['visible']' (list)</status>
</kw>
<msg time="2025-11-07T14:33:25.250183" level="INFO">${is_visible} = False</msg>
<var>${is_visible}</var>
<arg>Get Element States</arg>
<arg>${element_to_check}</arg>
<arg>contains</arg>
<arg>visible</arg>
<doc>Runs the given keyword with given arguments and returns the status as a Boolean value.</doc>
<status status="PASS" start="2025-11-07T14:33:23.800118" elapsed="1.450065"/>
</kw>
<kw name="Run Keyword If" owner="BuiltIn">
<arg>${is_visible}</arg>
<arg>Highlight Elements</arg>
<arg>${element_to_check}</arg>
<arg>duration=3s</arg>
<arg>width=5px</arg>
<arg>style=dotted</arg>
<arg>color=#FA8072</arg>
<doc>Runs the given keyword with the given arguments, if ``condition`` is true.</doc>
<status status="PASS" start="2025-11-07T14:33:25.251185" elapsed="0.000000"/>
</kw>
<kw name="Run Keyword If" owner="BuiltIn">
<kw name="Run Keywords" owner="BuiltIn">
<kw name="Log To Console" owner="BuiltIn">
<arg>⚠️ Element not visible: ${element_to_check}</arg>
<doc>Logs the given message to the console.</doc>
<status status="PASS" start="2025-11-07T14:33:25.252185" elapsed="0.001007"/>
</kw>
<kw name="Take Screenshot" owner="Browser">
<msg time="2025-11-07T14:33:25.339455" level="INFO" html="true">&lt;/td&gt;&lt;/tr&gt;&lt;tr&gt;&lt;td colspan="3"&gt;&lt;a href="browser/screenshot/robotframework-browser-screenshot-27.png" target="_blank"&gt;&lt;img src="browser/screenshot/robotframework-browser-screenshot-27.png" width="800px"/&gt;&lt;/a&gt;</msg>
<tag>PageContent</tag>
<doc>Takes a screenshot of the current window or element and saves it to disk.</doc>
<status status="PASS" start="2025-11-07T14:33:25.253192" elapsed="0.086263"/>
</kw>
<arg>Log To Console</arg>
<arg>⚠️ Element not visible: ${element_to_check}</arg>
<arg>AND</arg>
<arg>Take Screenshot</arg>
<doc>Executes all the given keywords in a sequence.</doc>
<status status="PASS" start="2025-11-07T14:33:25.252185" elapsed="0.087270"/>
</kw>
<arg>not ${is_visible}</arg>
<arg>Run Keywords</arg>
<arg>Log To Console</arg>
<arg>⚠️ Element not visible: ${element_to_check}</arg>
<arg>AND</arg>
<arg>Take Screenshot</arg>
<doc>Runs the given keyword with the given arguments, if ``condition`` is true.</doc>
<status status="PASS" start="2025-11-07T14:33:25.252185" elapsed="0.087270"/>
</kw>
<arg>${NGPAY_MAYBANK2U}</arg>
<status status="PASS" start="2025-11-07T14:33:23.798124" elapsed="1.541331"/>
</kw>
<kw name="Check For Element Visibility" owner="ngos-sharedKeywords">
<kw name="Run Keyword And Return Status" owner="BuiltIn">
<kw name="Get Element States" owner="Browser">
<msg time="2025-11-07T14:33:25.360975" level="INFO">States are: ['attached', 'visible', 'enabled', 'defocused']</msg>
<arg>${element_to_check}</arg>
<arg>contains</arg>
<arg>visible</arg>
<tag>Assertion</tag>
<tag>Getter</tag>
<tag>PageContent</tag>
<doc>Get the active states from the element found by ``selector``.</doc>
<status status="PASS" start="2025-11-07T14:33:25.341455" elapsed="0.019520"/>
</kw>
<msg time="2025-11-07T14:33:25.360975" level="INFO">${is_visible} = True</msg>
<var>${is_visible}</var>
<arg>Get Element States</arg>
<arg>${element_to_check}</arg>
<arg>contains</arg>
<arg>visible</arg>
<doc>Runs the given keyword with given arguments and returns the status as a Boolean value.</doc>
<status status="PASS" start="2025-11-07T14:33:25.340455" elapsed="0.020520"/>
</kw>
<kw name="Run Keyword If" owner="BuiltIn">
<kw name="Highlight Elements" owner="Browser">
<msg time="2025-11-07T14:33:25.368975" level="INFO">Highlighted 1 elements for 3000 ms.</msg>
<arg>${element_to_check}</arg>
<arg>duration=3s</arg>
<arg>width=5px</arg>
<arg>style=dotted</arg>
<arg>color=#FA8072</arg>
<tag>PageContent</tag>
<tag>Setter</tag>
<doc>Adds a highlight to elements matched by the ``selector``. Provides a style adjustment.</doc>
<status status="PASS" start="2025-11-07T14:33:25.361977" elapsed="0.008002"/>
</kw>
<arg>${is_visible}</arg>
<arg>Highlight Elements</arg>
<arg>${element_to_check}</arg>
<arg>duration=3s</arg>
<arg>width=5px</arg>
<arg>style=dotted</arg>
<arg>color=#FA8072</arg>
<doc>Runs the given keyword with the given arguments, if ``condition`` is true.</doc>
<status status="PASS" start="2025-11-07T14:33:25.361977" elapsed="0.008002"/>
</kw>
<kw name="Run Keyword If" owner="BuiltIn">
<arg>not ${is_visible}</arg>
<arg>Run Keywords</arg>
<arg>Log To Console</arg>
<arg>⚠️ Element not visible: ${element_to_check}</arg>
<arg>AND</arg>
<arg>Take Screenshot</arg>
<doc>Runs the given keyword with the given arguments, if ``condition`` is true.</doc>
<status status="PASS" start="2025-11-07T14:33:25.369979" elapsed="0.000996"/>
</kw>
<arg>${NGPAY_AFFINBANK}</arg>
<status status="PASS" start="2025-11-07T14:33:25.339455" elapsed="0.031520"/>
</kw>
<kw name="Click" owner="Browser">
<msg time="2025-11-07T14:33:25.371975" level="INFO">Clicks the element '//a[@id="bank-1"]'.</msg>
<msg time="2025-11-07T14:33:35.462371" level="INFO" html="true">&lt;/td&gt;&lt;/tr&gt;&lt;tr&gt;&lt;td colspan="3"&gt;&lt;a href="browser/screenshot/fail-screenshot-2.png" target="_blank"&gt;&lt;img src="browser/screenshot/fail-screenshot-2.png" width="800px"/&gt;&lt;/a&gt;</msg>
<msg time="2025-11-07T14:33:35.462371" level="INFO">See also file:///C:/Users/eve.keoy/OneDrive%20-%20Infront%20Consulting%20APAC/Desktop/Dev/qa-automation-main/RobotFramework/playwright-log.txt for additional details.</msg>
<msg time="2025-11-07T14:33:35.463370" level="FAIL">TimeoutError: locator.click: Timeout 10000ms exceeded.
Call log:
  - waiting for locator('//a[@id="bank-1"]')
</msg>
<arg>${NGPAY_MAYBANK2U}</arg>
<tag>PageContent</tag>
<tag>Setter</tag>
<doc>Simulates mouse click on the element found by ``selector``.</doc>
<status status="FAIL" start="2025-11-07T14:33:25.370975" elapsed="10.096395">TimeoutError: locator.click: Timeout 10000ms exceeded.
Call log:
  - waiting for locator('//a[@id="bank-1"]')
</status>
</kw>
<kw name="Sleep" owner="BuiltIn">
<arg>2s</arg>
<doc>Pauses the test executed for the given time.</doc>
<status status="NOT RUN" start="2025-11-07T14:33:35.468371" elapsed="0.000000"/>
</kw>
<kw name="Check For Element Visibility" owner="ngos-sharedKeywords">
<arg>${NGPAY_PAYNOW_BUTTON}</arg>
<status status="NOT RUN" start="2025-11-07T14:33:35.468371" elapsed="0.000000"/>
</kw>
<kw name="Click" owner="Browser">
<arg>${NGPAY_PAYNOW_BUTTON}</arg>
<tag>PageContent</tag>
<tag>Setter</tag>
<doc>Simulates mouse click on the element found by ``selector``.</doc>
<status status="NOT RUN" start="2025-11-07T14:33:35.468371" elapsed="0.001013"/>
</kw>
<kw name="Sleep" owner="BuiltIn">
<arg>2s</arg>
<doc>Pauses the test executed for the given time.</doc>
<status status="NOT RUN" start="2025-11-07T14:33:35.469384" elapsed="0.000000"/>
</kw>
<kw name="Take Screenshot" owner="Browser">
<tag>PageContent</tag>
<doc>Takes a screenshot of the current window or element and saves it to disk.</doc>
<status status="NOT RUN" start="2025-11-07T14:33:35.469384" elapsed="0.000000"/>
</kw>
<status status="FAIL" start="2025-11-07T14:33:23.726405" elapsed="11.742979">TimeoutError: locator.click: Timeout 10000ms exceeded.
Call log:
  - waiting for locator('//a[@id="bank-1"]')
</status>
</kw>
<kw name="FPX Simulator Page 1" owner="ngpay-Keywords">
<status status="NOT RUN" start="2025-11-07T14:33:35.470377" elapsed="0.000000"/>
</kw>
<kw name="FPX Simulator Page 2" owner="ngpay-Keywords">
<status status="NOT RUN" start="2025-11-07T14:33:35.470377" elapsed="0.000998"/>
</kw>
<kw name="Verify NGOS Success Page" owner="ngos-reloadKeywords">
<status status="NOT RUN" start="2025-11-07T14:33:35.471375" elapsed="0.000000"/>
</kw>
<kw name="Close Browser" owner="Browser" type="TEARDOWN">
<msg time="2025-11-07T14:33:35.864726" level="INFO">Closed browser</msg>
<tag>BrowserControl</tag>
<tag>Setter</tag>
<doc>Closes the current browser.</doc>
<status status="PASS" start="2025-11-07T14:33:35.471375" elapsed="0.393351"/>
</kw>
<status status="FAIL" start="2025-11-07T14:32:27.061090" elapsed="68.804634">TimeoutError: locator.click: Timeout 10000ms exceeded.
Call log:
  - waiting for locator('//a[@id="bank-1"]')
</status>
</test>
<doc>This file only to store test cases</doc>
<status status="FAIL" start="2025-11-07T14:30:58.260117" elapsed="157.610611"/>
</suite>
<statistics>
<total>
<stat pass="3" fail="1" skip="0">All Tests</stat>
</total>
<tag>
</tag>
<suite>
<stat name="Ngos-Prepaid-Reload" id="s1" pass="3" fail="1" skip="0">Ngos-Prepaid-Reload</stat>
</suite>
</statistics>
<errors>
</errors>
</robot>
